#
# There is insufficient memory for the Java Runtime Environment to continue.
# Native memory allocation (malloc) failed to allocate 1903216 bytes for Chunk::new
# Possible reasons:
#   The system is out of physical RAM or swap space
#   In 32 bit mode, the process size limit was hit
# Possible solutions:
#   Reduce memory load on the system
#   Increase physical memory or swap space
#   Check if swap backing store is full
#   Use 64 bit Java on a 64 bit OS
#   Decrease Java heap size (-Xmx/-Xms)
#   Decrease number of Java threads
#   Decrease Java thread stack sizes (-Xss)
#   Set larger code cache with -XX:ReservedCodeCacheSize=
# This output file may be truncated or incomplete.
#
#  Out of Memory Error (allocation.cpp:390), pid=8252, tid=11492
#
# JRE version: Java(TM) SE Runtime Environment (8.0_45-b15) (build 1.8.0_45-b15)
# Java VM: Java HotSpot(TM) 64-Bit Server VM (25.45-b02 mixed mode windows-amd64 compressed oops)
# Failed to write core dump. Minidumps are not enabled by default on client versions of Windows
#

---------------  T H R E A D  ---------------

Current thread (0x0000000016ac1000):  JavaThread "C2 CompilerThread0" daemon [_thread_in_native, id=11492, stack(0x0000000018030000,0x0000000018130000)]

Stack: [0x0000000018030000,0x0000000018130000]
Native frames: (J=compiled Java code, j=interpreted, Vv=VM code, C=native code)
V  [jvm.dll+0x32b57a]
V  [jvm.dll+0x279873]
V  [jvm.dll+0x27a509]
V  [jvm.dll+0x271825]
V  [jvm.dll+0xcb9e2]
V  [jvm.dll+0xcbeac]
V  [jvm.dll+0x476ef2]
V  [jvm.dll+0x4b955f]
V  [jvm.dll+0x46bf81]
V  [jvm.dll+0x46ccbe]
V  [jvm.dll+0x4500f2]
V  [jvm.dll+0xa4352]
V  [jvm.dll+0xa4c8f]
V  [jvm.dll+0x241984]
V  [jvm.dll+0x29853a]
C  [msvcr100.dll+0x21d9f]
C  [msvcr100.dll+0x21e3b]
C  [KERNEL32.DLL+0x8364]
C  [ntdll.dll+0x670d1]


Current CompileTask:
C2:  10295 4955       4       com.sun.javafx.css.StyleManager::findMatchingStyles (1239 bytes)


---------------  P R O C E S S  ---------------

Java Threads: ( => current thread )
  0x000000001c515800 JavaThread "Prism Font Disposer" daemon [_thread_blocked, id=12496, stack(0x00000000214d0000,0x00000000215d0000)]
  0x0000000018aa6800 JavaThread "Thread-3" daemon [_thread_in_native, id=8692, stack(0x000000001b450000,0x000000001b550000)]
  0x0000000018aca800 JavaThread "JavaFX-Launcher" [_thread_blocked, id=8992, stack(0x000000001b550000,0x000000001b650000)]
  0x000000001872e000 JavaThread "JavaFX Application Thread" [_thread_in_Java, id=5424, stack(0x00000000195b0000,0x00000000196b0000)]
  0x000000001872d000 JavaThread "Thread-1" daemon [_thread_blocked, id=8668, stack(0x00000000193e0000,0x00000000194e0000)]
  0x00000000186f5000 JavaThread "QuantumRenderer-0" daemon [_thread_blocked, id=8856, stack(0x0000000018930000,0x0000000018a30000)]
  0x0000000018353800 JavaThread "Service Thread" daemon [_thread_blocked, id=10504, stack(0x0000000018730000,0x0000000018830000)]
  0x0000000016acd000 JavaThread "C1 CompilerThread2" daemon [_thread_blocked, id=5540, stack(0x0000000018230000,0x0000000018330000)]
  0x0000000016ac4000 JavaThread "C2 CompilerThread1" daemon [_thread_in_native, id=9320, stack(0x0000000018130000,0x0000000018230000)]
=>0x0000000016ac1000 JavaThread "C2 CompilerThread0" daemon [_thread_in_native, id=11492, stack(0x0000000018030000,0x0000000018130000)]
  0x0000000016abf000 JavaThread "Attach Listener" daemon [_thread_blocked, id=11820, stack(0x0000000017f30000,0x0000000018030000)]
  0x0000000016abc000 JavaThread "Signal Dispatcher" daemon [_thread_blocked, id=6596, stack(0x0000000017e30000,0x0000000017f30000)]
  0x0000000003329000 JavaThread "Finalizer" daemon [_thread_blocked, id=11932, stack(0x0000000017d30000,0x0000000017e30000)]
  0x0000000003320000 JavaThread "Reference Handler" daemon [_thread_blocked, id=2308, stack(0x0000000017c30000,0x0000000017d30000)]
  0x0000000003232800 JavaThread "main" [_thread_blocked, id=11948, stack(0x0000000003130000,0x0000000003230000)]

Other Threads:
  0x0000000016a88000 VMThread [stack: 0x0000000017b30000,0x0000000017c30000] [id=11600]
  0x0000000016aef000 WatcherThread [stack: 0x0000000018830000,0x0000000018930000] [id=14280]

VM state:not at safepoint (normal execution)

VM Mutex/Monitor currently owned by a thread: None

Heap:
 PSYoungGen      total 77312K, used 10793K [0x00000000e1180000, 0x00000000e6e80000, 0x0000000100000000)
  eden space 60928K, 17% used [0x00000000e1180000,0x00000000e1c0a5d0,0x00000000e4d00000)
  from space 16384K, 0% used [0x00000000e5d00000,0x00000000e5d00000,0x00000000e6d00000)
  to   space 16384K, 0% used [0x00000000e4d00000,0x00000000e4d00000,0x00000000e5d00000)
 ParOldGen       total 58880K, used 16551K [0x00000000a3400000, 0x00000000a6d80000, 0x00000000e1180000)
  object space 58880K, 28% used [0x00000000a3400000,0x00000000a4429fa0,0x00000000a6d80000)
 Metaspace       used 34287K, capacity 35540K, committed 35840K, reserved 1081344K
  class space    used 4567K, capacity 4799K, committed 4864K, reserved 1048576K

Card table byte_map: [0x00000000126f0000,0x00000000129e0000] byte_map_base: 0x00000000121d6000

Marking Bits: (ParMarkBitMap*) 0x000000006dfc4040
 Begin Bits: [0x0000000012fd0000, 0x0000000014700000)
 End Bits:   [0x0000000014700000, 0x0000000015e30000)

Polling page: 0x00000000017b0000

CodeCache: size=245760Kb used=15862Kb max_used=16198Kb free=229897Kb
 bounds [0x0000000003330000, 0x0000000004310000, 0x0000000012330000]
 total_blobs=5335 nmethods=4681 adapters=564
 compilation: enabled

Compilation events (10 events):
Event: 10.214 Thread 0x0000000016acd000 5124       1       com.sun.javafx.font.PrismFont::getFeatures (5 bytes)
Event: 10.215 Thread 0x0000000016acd000 nmethod 5124 0x0000000004304010 code [0x0000000004304160, 0x0000000004304270]
Event: 10.215 Thread 0x0000000016acd000 5125       1       com.sun.javafx.font.PrismFontFile::getFeatures (2 bytes)
Event: 10.215 Thread 0x0000000016acd000 nmethod 5125 0x00000000043042d0 code [0x0000000004304420, 0x0000000004304530]
Event: 10.218 Thread 0x0000000016acd000 5128       1       com.sun.javafx.scene.control.skin.TableColumnHeader::access$100 (5 bytes)
Event: 10.218 Thread 0x0000000016acd000 nmethod 5128 0x0000000004304590 code [0x00000000043046e0, 0x00000000043047d0]
Event: 10.226 Thread 0x0000000016acd000 5129       3       javafx.scene.text.Text$StyleableProperties$8::getStyleableProperty (9 bytes)
Event: 10.226 Thread 0x0000000016acd000 nmethod 5129 0x0000000004304850 code [0x0000000004304a00, 0x0000000004305128]
Event: 10.226 Thread 0x0000000016acd000 5130       3       javafx.scene.text.Text$StyleableProperties$8::getStyleableProperty (8 bytes)
Event: 10.227 Thread 0x0000000016acd000 nmethod 5130 0x00000000043053d0 code [0x0000000004305560, 0x0000000004305aa8]

GC Heap History (10 events):
Event: 3.562 GC heap before
{Heap before GC invocations=6 (full 1):
 PSYoungGen      total 35840K, used 35835K [0x00000000e1180000, 0x00000000e4880000, 0x0000000100000000)
  eden space 32256K, 100% used [0x00000000e1180000,0x00000000e3100000,0x00000000e3100000)
  from space 3584K, 99% used [0x00000000e4500000,0x00000000e487ee18,0x00000000e4880000)
  to   space 3584K, 0% used [0x00000000e4180000,0x00000000e4180000,0x00000000e4500000)
 ParOldGen       total 58880K, used 13303K [0x00000000a3400000, 0x00000000a6d80000, 0x00000000e1180000)
  object space 58880K, 22% used [0x00000000a3400000,0x00000000a40fdf30,0x00000000a6d80000)
 Metaspace       used 24639K, capacity 25264K, committed 25600K, reserved 1071104K
  class space    used 3367K, capacity 3531K, committed 3584K, reserved 1048576K
Event: 3.579 GC heap after
Heap after GC invocations=6 (full 1):
 PSYoungGen      total 51200K, used 3582K [0x00000000e1180000, 0x00000000e5a00000, 0x0000000100000000)
  eden space 47616K, 0% used [0x00000000e1180000,0x00000000e1180000,0x00000000e4000000)
  from space 3584K, 99% used [0x00000000e4180000,0x00000000e44ffa08,0x00000000e4500000)
  to   space 13312K, 0% used [0x00000000e4d00000,0x00000000e4d00000,0x00000000e5a00000)
 ParOldGen       total 58880K, used 22764K [0x00000000a3400000, 0x00000000a6d80000, 0x00000000e1180000)
  object space 58880K, 38% used [0x00000000a3400000,0x00000000a4a3b0e0,0x00000000a6d80000)
 Metaspace       used 24639K, capacity 25264K, committed 25600K, reserved 1071104K
  class space    used 3367K, capacity 3531K, committed 3584K, reserved 1048576K
}
Event: 5.716 GC heap before
{Heap before GC invocations=7 (full 1):
 PSYoungGen      total 51200K, used 51198K [0x00000000e1180000, 0x00000000e5a00000, 0x0000000100000000)
  eden space 47616K, 100% used [0x00000000e1180000,0x00000000e4000000,0x00000000e4000000)
  from space 3584K, 99% used [0x00000000e4180000,0x00000000e44ffa08,0x00000000e4500000)
  to   space 13312K, 0% used [0x00000000e4d00000,0x00000000e4d00000,0x00000000e5a00000)
 ParOldGen       total 58880K, used 22764K [0x00000000a3400000, 0x00000000a6d80000, 0x00000000e1180000)
  object space 58880K, 38% used [0x00000000a3400000,0x00000000a4a3b0e0,0x00000000a6d80000)
 Metaspace       used 29612K, capacity 30278K, committed 30464K, reserved 1075200K
  class space    used 3900K, capacity 4084K, committed 4096K, reserved 1048576K
Event: 5.735 GC heap after
Heap after GC invocations=7 (full 1):
 PSYoungGen      total 57344K, used 13290K [0x00000000e1180000, 0x00000000e7500000, 0x0000000100000000)
  eden space 44032K, 0% used [0x00000000e1180000,0x00000000e1180000,0x00000000e3c80000)
  from space 13312K, 99% used [0x00000000e4d00000,0x00000000e59fa8b0,0x00000000e5a00000)
  to   space 16896K, 0% used [0x00000000e3c80000,0x00000000e3c80000,0x00000000e4d00000)
 ParOldGen       total 58880K, used 24911K [0x00000000a3400000, 0x00000000a6d80000, 0x00000000e1180000)
  object space 58880K, 42% used [0x00000000a3400000,0x00000000a4c53c98,0x00000000a6d80000)
 Metaspace       used 29612K, capacity 30278K, committed 30464K, reserved 1075200K
  class space    used 3900K, capacity 4084K, committed 4096K, reserved 1048576K
}
Event: 9.031 GC heap before
{Heap before GC invocations=8 (full 1):
 PSYoungGen      total 57344K, used 57322K [0x00000000e1180000, 0x00000000e7500000, 0x0000000100000000)
  eden space 44032K, 100% used [0x00000000e1180000,0x00000000e3c80000,0x00000000e3c80000)
  from space 13312K, 99% used [0x00000000e4d00000,0x00000000e59fa8b0,0x00000000e5a00000)
  to   space 16896K, 0% used [0x00000000e3c80000,0x00000000e3c80000,0x00000000e4d00000)
 ParOldGen       total 58880K, used 24911K [0x00000000a3400000, 0x00000000a6d80000, 0x00000000e1180000)
  object space 58880K, 42% used [0x00000000a3400000,0x00000000a4c53c98,0x00000000a6d80000)
 Metaspace       used 33453K, capacity 34718K, committed 35072K, reserved 1079296K
  class space    used 4505K, capacity 4752K, committed 4864K, reserved 1048576K
Event: 9.049 GC heap after
Heap after GC invocations=8 (full 1):
 PSYoungGen      total 60928K, used 7520K [0x00000000e1180000, 0x00000000e6d00000, 0x0000000100000000)
  eden space 44032K, 0% used [0x00000000e1180000,0x00000000e1180000,0x00000000e3c80000)
  from space 16896K, 44% used [0x00000000e3c80000,0x00000000e43d8010,0x00000000e4d00000)
  to   space 16384K, 0% used [0x00000000e5d00000,0x00000000e5d00000,0x00000000e6d00000)
 ParOldGen       total 58880K, used 24919K [0x00000000a3400000, 0x00000000a6d80000, 0x00000000e1180000)
  object space 58880K, 42% used [0x00000000a3400000,0x00000000a4c55c98,0x00000000a6d80000)
 Metaspace       used 33453K, capacity 34718K, committed 35072K, reserved 1079296K
  class space    used 4505K, capacity 4752K, committed 4864K, reserved 1048576K
}
Event: 9.754 GC heap before
{Heap before GC invocations=9 (full 1):
 PSYoungGen      total 60928K, used 24219K [0x00000000e1180000, 0x00000000e6d00000, 0x0000000100000000)
  eden space 44032K, 37% used [0x00000000e1180000,0x00000000e21cef00,0x00000000e3c80000)
  from space 16896K, 44% used [0x00000000e3c80000,0x00000000e43d8010,0x00000000e4d00000)
  to   space 16384K, 0% used [0x00000000e5d00000,0x00000000e5d00000,0x00000000e6d00000)
 ParOldGen       total 58880K, used 24919K [0x00000000a3400000, 0x00000000a6d80000, 0x00000000e1180000)
  object space 58880K, 42% used [0x00000000a3400000,0x00000000a4c55c98,0x00000000a6d80000)
 Metaspace       used 34166K, capacity 35412K, committed 35496K, reserved 1079296K
  class space    used 4566K, capacity 4799K, committed 4864K, reserved 1048576K
Event: 9.778 GC heap after
Heap after GC invocations=9 (full 1):
 PSYoungGen      total 77312K, used 10690K [0x00000000e1180000, 0x00000000e6e80000, 0x0000000100000000)
  eden space 60928K, 0% used [0x00000000e1180000,0x00000000e1180000,0x00000000e4d00000)
  from space 16384K, 65% used [0x00000000e5d00000,0x00000000e6770aa0,0x00000000e6d00000)
  to   space 16384K, 0% used [0x00000000e4d00000,0x00000000e4d00000,0x00000000e5d00000)
 ParOldGen       total 58880K, used 24927K [0x00000000a3400000, 0x00000000a6d80000, 0x00000000e1180000)
  object space 58880K, 42% used [0x00000000a3400000,0x00000000a4c57c98,0x00000000a6d80000)
 Metaspace       used 34166K, capacity 35412K, committed 35496K, reserved 1079296K
  class space    used 4566K, capacity 4799K, committed 4864K, reserved 1048576K
}
Event: 9.778 GC heap before
{Heap before GC invocations=10 (full 2):
 PSYoungGen      total 77312K, used 10690K [0x00000000e1180000, 0x00000000e6e80000, 0x0000000100000000)
  eden space 60928K, 0% used [0x00000000e1180000,0x00000000e1180000,0x00000000e4d00000)
  from space 16384K, 65% used [0x00000000e5d00000,0x00000000e6770aa0,0x00000000e6d00000)
  to   space 16384K, 0% used [0x00000000e4d00000,0x00000000e4d00000,0x00000000e5d00000)
 ParOldGen       total 58880K, used 24927K [0x00000000a3400000, 0x00000000a6d80000, 0x00000000e1180000)
  object space 58880K, 42% used [0x00000000a3400000,0x00000000a4c57c98,0x00000000a6d80000)
 Metaspace       used 34166K, capacity 35412K, committed 35496K, reserved 1079296K
  class space    used 4566K, capacity 4799K, committed 4864K, reserved 1048576K
Event: 9.938 GC heap after
Heap after GC invocations=10 (full 2):
 PSYoungGen      total 77312K, used 0K [0x00000000e1180000, 0x00000000e6e80000, 0x0000000100000000)
  eden space 60928K, 0% used [0x00000000e1180000,0x00000000e1180000,0x00000000e4d00000)
  from space 16384K, 0% used [0x00000000e5d00000,0x00000000e5d00000,0x00000000e6d00000)
  to   space 16384K, 0% used [0x00000000e4d00000,0x00000000e4d00000,0x00000000e5d00000)
 ParOldGen       total 58880K, used 16551K [0x00000000a3400000, 0x00000000a6d80000, 0x00000000e1180000)
  object space 58880K, 28% used [0x00000000a3400000,0x00000000a4429fa0,0x00000000a6d80000)
 Metaspace       used 34166K, capacity 35412K, committed 35496K, reserved 1079296K
  class space    used 4566K, capacity 4799K, committed 4864K, reserved 1048576K
}

Deoptimization events (10 events):
Event: 9.235 Thread 0x000000001872e000 Uncommon trap: reason=class_check action=maybe_recompile pc=0x00000000038dc074 method=javafx.beans.property.BooleanPropertyBase.get()Z @ 23
Event: 9.235 Thread 0x000000001872e000 Uncommon trap: reason=class_check action=maybe_recompile pc=0x00000000038dc074 method=javafx.beans.property.BooleanPropertyBase.get()Z @ 23
Event: 9.235 Thread 0x000000001872e000 Uncommon trap: reason=class_check action=maybe_recompile pc=0x00000000038dc074 method=javafx.beans.property.BooleanPropertyBase.get()Z @ 23
Event: 9.235 Thread 0x000000001872e000 Uncommon trap: reason=class_check action=maybe_recompile pc=0x00000000038dc074 method=javafx.beans.property.BooleanPropertyBase.get()Z @ 23
Event: 9.279 Thread 0x000000001872e000 Uncommon trap: reason=unstable_if action=reinterpret pc=0x0000000003895210 method=com.sun.javafx.css.BitSet.retainAll(Ljava/util/Collection;)Z @ 89
Event: 9.554 Thread 0x000000001872e000 Uncommon trap: reason=unstable_if action=reinterpret pc=0x0000000003e31b18 method=com.sun.javafx.css.BitSet.add(Ljava/lang/Object;)Z @ 91
Event: 9.554 Thread 0x000000001872e000 Uncommon trap: reason=unstable_if action=reinterpret pc=0x0000000004157520 method=com.sun.javafx.css.BitSet.retainAll(Ljava/util/Collection;)Z @ 302
Event: 9.576 Thread 0x000000001872e000 Uncommon trap: reason=unstable_if action=reinterpret pc=0x00000000040a5e7c method=javafx.collections.ListChangeBuilder.commit()V @ 16
Event: 9.635 Thread 0x000000001872e000 Uncommon trap: reason=unstable_if action=reinterpret pc=0x000000000400a2d8 method=com.sun.javafx.css.BitSet.addAll(Ljava/util/Collection;)Z @ 1
Event: 9.954 Thread 0x000000001872e000 Uncommon trap: reason=unstable_if action=reinterpret pc=0x0000000003538800 method=java.lang.CharacterData.of(I)Ljava/lang/CharacterData; @ 4

Internal exceptions (10 events):
Event: 1.788 Thread 0x000000001872e000 Implicit null exception at 0x0000000003764b98 to 0x0000000003764c26
Event: 2.697 Thread 0x000000001872e000 Exception <a 'java/lang/ArrayIndexOutOfBoundsException': 26721> (0x00000000e13481f0) thrown at [C:\re\workspace\8-2-build-windows-amd64-cygwin\jdk8u45\3627\hotspot\src\share\vm\interpreter\interpreterRuntime.cpp, line 366]
Event: 2.970 Thread 0x000000001872e000 Exception <a 'java/lang/NoClassDefFoundError': javax/validation/Validation> (0x00000000e1c4bde0) thrown at [C:\re\workspace\8-2-build-windows-amd64-cygwin\jdk8u45\3627\hotspot\src\share\vm\classfile\systemDictionary.cpp, line 199]
Event: 3.012 Thread 0x000000001872e000 Implicit null exception at 0x000000000387011d to 0x0000000003870a21
Event: 3.012 Thread 0x000000001872e000 Implicit null exception at 0x000000000387311d to 0x0000000003873a21
Event: 3.129 Thread 0x000000001872e000 Implicit null exception at 0x000000000375b1e9 to 0x000000000375b77d
Event: 3.207 Thread 0x000000001872e000 Implicit null exception at 0x000000000375877d to 0x0000000003758b55
Event: 3.848 Thread 0x000000001872e000 Implicit null exception at 0x00000000035d9796 to 0x00000000035d9ac1
Event: 4.496 Thread 0x000000001872e000 Implicit null exception at 0x0000000003594856 to 0x0000000003594b71
Event: 9.635 Thread 0x000000001872e000 Implicit null exception at 0x0000000004009def to 0x000000000400a2c5

Events (10 events):
Event: 9.726 loading class java/util/ArrayList$1 done
Event: 9.754 Executing VM operation: CollectForMetadataAllocation
Event: 9.938 Executing VM operation: CollectForMetadataAllocation done
Event: 9.954 Thread 0x000000001872e000 Uncommon trap: trap_request=0xffffff65 fr.pc=0x0000000003538800
Event: 9.954 Thread 0x000000001872e000 DEOPT PACKING pc=0x0000000003538800 sp=0x00000000196aca80
Event: 9.954 Thread 0x000000001872e000 DEOPT UNPACKING pc=0x000000000337582a sp=0x00000000196aca20 mode 2
Event: 9.954 loading class java/lang/CharacterData00
Event: 9.955 loading class java/lang/CharacterData00 done
Event: 9.955 Executing VM operation: Deoptimize
Event: 9.956 Executing VM operation: Deoptimize done


Dynamic libraries:
0x00007ff73db70000 - 0x00007ff73dba7000 	C:\Program Files\Java\jdk1.8.0_45\jre\bin\java.exe
0x00007ffaba400000 - 0x00007ffaba5d1000 	C:\WINDOWS\SYSTEM32\ntdll.dll
0x00007ffab9700000 - 0x00007ffab97ac000 	C:\WINDOWS\System32\KERNEL32.DLL
0x00007ffab7300000 - 0x00007ffab751d000 	C:\WINDOWS\System32\KERNELBASE.dll
0x00007ffab7e20000 - 0x00007ffab7ec2000 	C:\WINDOWS\System32\ADVAPI32.dll
0x00007ffab9570000 - 0x00007ffab960e000 	C:\WINDOWS\System32\msvcrt.dll
0x00007ffab9820000 - 0x00007ffab9879000 	C:\WINDOWS\System32\sechost.dll
0x00007ffab7cf0000 - 0x00007ffab7e11000 	C:\WINDOWS\System32\RPCRT4.dll
0x00007ffab9880000 - 0x00007ffab99e5000 	C:\WINDOWS\System32\USER32.dll
0x00007ffab6900000 - 0x00007ffab691e000 	C:\WINDOWS\System32\win32u.dll
0x00007ffab9630000 - 0x00007ffab9664000 	C:\WINDOWS\System32\GDI32.dll
0x00007ffab77b0000 - 0x00007ffab7930000 	C:\WINDOWS\System32\gdi32full.dll
0x00007ffaaecb0000 - 0x00007ffaaef2a000 	C:\WINDOWS\WinSxS\amd64_microsoft.windows.common-controls_6595b64144ccf1df_6.0.14393.953_none_42151e83c686086b\COMCTL32.dll
0x00007ffab99f0000 - 0x00007ffab9cb8000 	C:\WINDOWS\System32\combase.dll
0x00007ffab6920000 - 0x00007ffab6a15000 	C:\WINDOWS\System32\ucrtbase.dll
0x00007ffab7740000 - 0x00007ffab77aa000 	C:\WINDOWS\System32\bcryptPrimitives.dll
0x00007ffab9670000 - 0x00007ffab969e000 	C:\WINDOWS\System32\IMM32.DLL
0x000000006d6e0000 - 0x000000006d7b2000 	C:\Program Files\Java\jdk1.8.0_45\jre\bin\msvcr100.dll
0x000000006d7c0000 - 0x000000006e043000 	C:\Program Files\Java\jdk1.8.0_45\jre\bin\server\jvm.dll
0x00007ffab9560000 - 0x00007ffab9568000 	C:\WINDOWS\System32\PSAPI.DLL
0x00007ffab5620000 - 0x00007ffab562a000 	C:\WINDOWS\SYSTEM32\VERSION.dll
0x00007ffaaf370000 - 0x00007ffaaf393000 	C:\WINDOWS\SYSTEM32\WINMM.dll
0x00007ffaa8260000 - 0x00007ffaa8269000 	C:\WINDOWS\SYSTEM32\WSOCK32.dll
0x00007ffab94e0000 - 0x00007ffab954a000 	C:\WINDOWS\System32\WS2_32.dll
0x00000000017f0000 - 0x000000000181b000 	C:\WINDOWS\SYSTEM32\WINMMBASE.dll
0x00007ffab76f0000 - 0x00007ffab7732000 	C:\WINDOWS\System32\cfgmgr32.dll
0x000000006d690000 - 0x000000006d69f000 	C:\Program Files\Java\jdk1.8.0_45\jre\bin\verify.dll
0x000000006d660000 - 0x000000006d689000 	C:\Program Files\Java\jdk1.8.0_45\jre\bin\java.dll
0x000000006d640000 - 0x000000006d656000 	C:\Program Files\Java\jdk1.8.0_45\jre\bin\zip.dll
0x00007ffab7ed0000 - 0x00007ffab93d8000 	C:\WINDOWS\System32\SHELL32.dll
0x00007ffab6c20000 - 0x00007ffab72fa000 	C:\WINDOWS\System32\windows.storage.dll
0x00007ffab6870000 - 0x00007ffab68bc000 	C:\WINDOWS\System32\powrprof.dll
0x00007ffab96a0000 - 0x00007ffab96f2000 	C:\WINDOWS\System32\shlwapi.dll
0x00007ffab68e0000 - 0x00007ffab68ef000 	C:\WINDOWS\System32\kernel.appcore.dll
0x00007ffab6b70000 - 0x00007ffab6c19000 	C:\WINDOWS\System32\shcore.dll
0x00007ffab68c0000 - 0x00007ffab68d4000 	C:\WINDOWS\System32\profapi.dll
0x000000006d310000 - 0x000000006d33c000 	C:\Program Files\Java\jdk1.8.0_45\jre\bin\prism_d3d.dll
0x00007ffa97f30000 - 0x00007ffa980bd000 	C:\WINDOWS\system32\d3d9.dll
0x00007ffab4650000 - 0x00007ffab4676000 	C:\WINDOWS\SYSTEM32\dwmapi.dll
0x00007ffab4fb0000 - 0x00007ffab5045000 	C:\WINDOWS\system32\uxtheme.dll
0x0000000180000000 - 0x0000000180806000 	C:\WINDOWS\SYSTEM32\igdumd64.dll
0x000000006d2c0000 - 0x000000006d301000 	C:\Program Files\Java\jdk1.8.0_45\jre\bin\glass.dll
0x00007ffab93e0000 - 0x00007ffab94da000 	C:\WINDOWS\System32\COMDLG32.dll
0x00007ffab7990000 - 0x00007ffab7ac8000 	C:\WINDOWS\System32\ole32.dll
0x00007ffab7c30000 - 0x00007ffab7cef000 	C:\WINDOWS\System32\OLEAUT32.dll
0x00007ffab6ad0000 - 0x00007ffab6b6c000 	C:\WINDOWS\System32\msvcp_win.dll
0x00007ffab7ad0000 - 0x00007ffab7c2a000 	C:\WINDOWS\System32\MSCTF.dll
0x000000006d2a0000 - 0x000000006d2b5000 	C:\Program Files\Java\jdk1.8.0_45\jre\bin\javafx_font.dll
0x00007ffab00d0000 - 0x00007ffab0339000 	C:\WINDOWS\SYSTEM32\dwrite.dll
0x000000006d270000 - 0x000000006d295000 	C:\Program Files\Java\jdk1.8.0_45\jre\bin\javafx_iio.dll
0x000000006d240000 - 0x000000006d264000 	C:\Program Files\Java\jdk1.8.0_45\jre\bin\sunec.dll
0x000000006d620000 - 0x000000006d63a000 	C:\Program Files\Java\jdk1.8.0_45\jre\bin\net.dll
0x000000001eec0000 - 0x000000001ef2d000 	C:\Windows\system32\LavasoftTcpService64.dll
0x00007ffab61a0000 - 0x00007ffab61fc000 	C:\WINDOWS\SYSTEM32\MSWSOCK.dll
0x00007ffab5f20000 - 0x00007ffab5f58000 	C:\WINDOWS\SYSTEM32\IPHLPAPI.DLL
0x00007ffab6570000 - 0x00007ffab659c000 	C:\WINDOWS\SYSTEM32\SspiCli.dll
0x00007ffa98f00000 - 0x00007ffa98f16000 	C:\WINDOWS\system32\napinsp.dll
0x00007ffaa5640000 - 0x00007ffaa565a000 	C:\WINDOWS\system32\pnrpnsp.dll
0x00007ffab2c00000 - 0x00007ffab2c18000 	C:\WINDOWS\system32\NLAapi.dll
0x00007ffab5f60000 - 0x00007ffab6001000 	C:\WINDOWS\SYSTEM32\DNSAPI.dll
0x00007ffab9550000 - 0x00007ffab9558000 	C:\WINDOWS\System32\NSI.dll
0x00007ffaafd70000 - 0x00007ffaafd7e000 	C:\WINDOWS\System32\winrnr.dll
0x00007ffaabf60000 - 0x00007ffaabf6a000 	C:\Windows\System32\rasadhlp.dll
0x00007ffab0d20000 - 0x00007ffab0d8a000 	C:\WINDOWS\System32\fwpuclnt.dll
0x00007ffab6450000 - 0x00007ffab647b000 	C:\WINDOWS\SYSTEM32\bcrypt.dll
0x00007ffab9d80000 - 0x00007ffab9e1f000 	C:\WINDOWS\System32\clbcatq.dll
0x00007ffab6740000 - 0x00007ffab67d8000 	C:\WINDOWS\SYSTEM32\sxs.dll
0x00007ffab41f0000 - 0x00007ffab4398000 	C:\WINDOWS\SYSTEM32\WindowsCodecs.dll
0x00007ffaab850000 - 0x00007ffaab899000 	C:\WINDOWS\system32\dataexchange.dll
0x00007ffab2940000 - 0x00007ffab2bf6000 	C:\WINDOWS\system32\d3d11.dll
0x00007ffab4920000 - 0x00007ffab4a71000 	C:\WINDOWS\system32\dcomp.dll
0x00007ffab57f0000 - 0x00007ffab588f000 	C:\WINDOWS\system32\dxgi.dll
0x00007ffab5370000 - 0x00007ffab548c000 	C:\WINDOWS\system32\twinapi.appcore.dll
0x00007ffa9cb60000 - 0x00007ffa9cb92000 	C:\Program Files\Common Files\Microsoft Shared\Ink\rtscom.dll
0x00007ffaa8840000 - 0x00007ffaa89d2000 	C:\WINDOWS\SYSTEM32\dbghelp.dll

VM Arguments:
jvm_args: -Dfile.encoding=UTF-8 
java_command: C:\Users\Mr_JYPY\Documents\NetBeansProjects\fx_formuly\dist\run92662001\fx_formuly.jar
java_class_path (initial): C:\Users\Mr_JYPY\Documents\NetBeansProjects\fx_formuly\dist\run92662001\fx_formuly.jar
Launcher Type: SUN_STANDARD

Environment Variables:
JAVA_HOME=C:\Program Files\Java\jdk1.8.0_45
PATH=C:\Program Files\Microsoft HPC Pack 2012\Bin\;C:\Program Files\Microsoft HPC Pack 2008 R2\Bin\;C:\app\Mr_JYPY\product\11.2.0\dbhome_1\bin;C:\ProgramData\Oracle\Java\javapath;C:\WINDOWS\system32;C:\WINDOWS;C:\WINDOWS\System32\Wbem;C:\WINDOWS\System32\WindowsPowerShell\v1.0\;C:\wamp\bin\php\php5.5.12;C:\ProgramData\ComposerSetup\bin;C:\Program Files\MATLAB\R2012b\runtime\win64;C:\Program Files\MATLAB\R2012b\bin;C:\Program Files\Java\jdk1.8.0_45\bin;C:\Program Files\nodejs\;C:\Program Files\Microsoft SQL Server\110\Tools\Binn\;C:\Program Files\Git\cmd;C:\Program Files (x86)\pgmodeler;C:\wamp\bin\mysql\mysql5.6.12\bin;C:\cygwin64\bin
USERNAME=Mr_JYPY
OS=Windows_NT
PROCESSOR_IDENTIFIER=Intel64 Family 6 Model 37 Stepping 5, GenuineIntel



---------------  S Y S T E M  ---------------

OS: Windows 10.0 , 64 bit Build 14393 (10.0.14393.1198)

CPU:total 4 (2 cores per cpu, 2 threads per core) family 6 model 37 stepping 5, cmov, cx8, fxsr, mmx, sse, sse2, sse3, ssse3, sse4.1, sse4.2, popcnt, ht, tsc, tscinvbit

Memory: 4k page, physical 6077876k(1223708k free), swap 11476192k(4492k free)

vm_info: Java HotSpot(TM) 64-Bit Server VM (25.45-b02) for windows-amd64 JRE (1.8.0_45-b15), built on Apr 30 2015 12:40:44 by "java_re" with MS VC++ 10.0 (VS2010)

time: Sun Sep 24 22:52:44 2017
elapsed time: 10 seconds (0d 0h 0m 10s)

