#
# There is insufficient memory for the Java Runtime Environment to continue.
# Native memory allocation (malloc) failed to allocate 1447840 bytes for Chunk::new
# Possible reasons:
#   The system is out of physical RAM or swap space
#   In 32 bit mode, the process size limit was hit
# Possible solutions:
#   Reduce memory load on the system
#   Increase physical memory or swap space
#   Check if swap backing store is full
#   Use 64 bit Java on a 64 bit OS
#   Decrease Java heap size (-Xmx/-Xms)
#   Decrease number of Java threads
#   Decrease Java thread stack sizes (-Xss)
#   Set larger code cache with -XX:ReservedCodeCacheSize=
# This output file may be truncated or incomplete.
#
#  Out of Memory Error (allocation.cpp:390), pid=8412, tid=13224
#
# JRE version: Java(TM) SE Runtime Environment (8.0_45-b15) (build 1.8.0_45-b15)
# Java VM: Java HotSpot(TM) 64-Bit Server VM (25.45-b02 mixed mode windows-amd64 compressed oops)
# Failed to write core dump. Minidumps are not enabled by default on client versions of Windows
#

---------------  T H R E A D  ---------------

Current thread (0x0000000016854000):  JavaThread "C2 CompilerThread1" daemon [_thread_in_native, id=13224, stack(0x0000000017ea0000,0x0000000017fa0000)]

Stack: [0x0000000017ea0000,0x0000000017fa0000]
Native frames: (J=compiled Java code, j=interpreted, Vv=VM code, C=native code)
V  [jvm.dll+0x32b57a]
V  [jvm.dll+0x279873]
V  [jvm.dll+0x27a509]
V  [jvm.dll+0x271825]
V  [jvm.dll+0xcb9e2]
V  [jvm.dll+0xcbeac]
V  [jvm.dll+0x4929e7]
V  [jvm.dll+0x45f8ca]
V  [jvm.dll+0x46a73b]
V  [jvm.dll+0x46cd52]
V  [jvm.dll+0x4500f2]
V  [jvm.dll+0xa4352]
V  [jvm.dll+0xa4c8f]
V  [jvm.dll+0x241984]
V  [jvm.dll+0x29853a]
C  [msvcr100.dll+0x21d9f]
C  [msvcr100.dll+0x21e3b]
C  [KERNEL32.DLL+0x8364]
C  [ntdll.dll+0x670d1]


Current CompileTask:
C2:  10026 4890       4       com.sun.javafx.css.StyleManager::findMatchingStyles (1239 bytes)


---------------  P R O C E S S  ---------------

Java Threads: ( => current thread )
  0x000000001fe0c800 JavaThread "Prism Font Disposer" daemon [_thread_blocked, id=14040, stack(0x0000000022390000,0x0000000022490000)]
  0x00000000187cb800 JavaThread "Thread-3" daemon [_thread_in_native, id=12764, stack(0x000000001b0e0000,0x000000001b1e0000)]
  0x00000000187be800 JavaThread "JavaFX-Launcher" [_thread_blocked, id=12608, stack(0x000000001b1e0000,0x000000001b2e0000)]
  0x0000000018493800 JavaThread "JavaFX Application Thread" [_thread_in_Java, id=6996, stack(0x0000000019240000,0x0000000019340000)]
  0x000000001849e000 JavaThread "Thread-1" daemon [_thread_blocked, id=4764, stack(0x0000000019140000,0x0000000019240000)]
  0x0000000018462000 JavaThread "QuantumRenderer-0" daemon [_thread_blocked, id=424, stack(0x00000000186a0000,0x00000000187a0000)]
  0x00000000180c3000 JavaThread "Service Thread" daemon [_thread_blocked, id=4092, stack(0x00000000184a0000,0x00000000185a0000)]
  0x0000000016857800 JavaThread "C1 CompilerThread2" daemon [_thread_in_native, id=4896, stack(0x0000000017fa0000,0x00000000180a0000)]
=>0x0000000016854000 JavaThread "C2 CompilerThread1" daemon [_thread_in_native, id=13224, stack(0x0000000017ea0000,0x0000000017fa0000)]
  0x0000000016851800 JavaThread "C2 CompilerThread0" daemon [_thread_in_native, id=5824, stack(0x0000000017da0000,0x0000000017ea0000)]
  0x0000000016850000 JavaThread "Attach Listener" daemon [_thread_blocked, id=3552, stack(0x0000000017ca0000,0x0000000017da0000)]
  0x000000001684d000 JavaThread "Signal Dispatcher" daemon [_thread_blocked, id=9556, stack(0x0000000017ba0000,0x0000000017ca0000)]
  0x00000000030b9000 JavaThread "Finalizer" daemon [_thread_blocked, id=9004, stack(0x0000000017aa0000,0x0000000017ba0000)]
  0x00000000030b0000 JavaThread "Reference Handler" daemon [_thread_blocked, id=10824, stack(0x00000000179a0000,0x0000000017aa0000)]
  0x0000000002fc2800 JavaThread "main" [_thread_blocked, id=11212, stack(0x0000000002e80000,0x0000000002f80000)]

Other Threads:
  0x0000000016818000 VMThread [stack: 0x00000000178a0000,0x00000000179a0000] [id=8396]
  0x00000000180c7000 WatcherThread [stack: 0x00000000185a0000,0x00000000186a0000] [id=3344]

VM state:not at safepoint (normal execution)

VM Mutex/Monitor currently owned by a thread: None

Heap:
 PSYoungGen      total 78336K, used 46276K [0x00000000e1180000, 0x00000000e6f00000, 0x0000000100000000)
  eden space 61952K, 74% used [0x00000000e1180000,0x00000000e3eb1320,0x00000000e4e00000)
  from space 16384K, 0% used [0x00000000e5e00000,0x00000000e5e00000,0x00000000e6e00000)
  to   space 16384K, 0% used [0x00000000e4e00000,0x00000000e4e00000,0x00000000e5e00000)
 ParOldGen       total 91136K, used 16574K [0x00000000a3400000, 0x00000000a8d00000, 0x00000000e1180000)
  object space 91136K, 18% used [0x00000000a3400000,0x00000000a442f8e0,0x00000000a8d00000)
 Metaspace       used 34590K, capacity 35904K, committed 36096K, reserved 1081344K
  class space    used 4579K, capacity 4817K, committed 4864K, reserved 1048576K

Card table byte_map: [0x0000000012480000,0x0000000012770000] byte_map_base: 0x0000000011f66000

Marking Bits: (ParMarkBitMap*) 0x000000006dfc4040
 Begin Bits: [0x0000000012d60000, 0x0000000014490000)
 End Bits:   [0x0000000014490000, 0x0000000015bc0000)

Polling page: 0x0000000002ce0000

CodeCache: size=245760Kb used=16609Kb max_used=16609Kb free=229150Kb
 bounds [0x00000000030c0000, 0x0000000004110000, 0x00000000120c0000]
 total_blobs=5598 nmethods=4944 adapters=564
 compilation: enabled

Compilation events (10 events):
Event: 9.833 Thread 0x0000000016857800 5358       2       javafx.scene.control.TableRow::getTableView (22 bytes)
Event: 9.834 Thread 0x0000000016857800 nmethod 5358 0x00000000040fe210 code [0x00000000040fe380, 0x00000000040fe568]
Event: 9.843 Thread 0x0000000016857800 5359       2       javafx.scene.control.Labeled$StyleableProperties$3::getStyleableProperty (9 bytes)
Event: 9.844 Thread 0x0000000016857800 nmethod 5359 0x00000000040fe650 code [0x00000000040fe7c0, 0x00000000040feaa8]
Event: 9.844 Thread 0x0000000016857800 5360       2       javafx.scene.control.Labeled$StyleableProperties$3::getStyleableProperty (8 bytes)
Event: 9.844 Thread 0x0000000016857800 nmethod 5360 0x00000000040fec50 code [0x00000000040fedc0, 0x00000000040ff068]
Event: 9.845 Thread 0x0000000016857800 5361       2       javafx.scene.layout.Background::equals (80 bytes)
Event: 9.845 Thread 0x0000000016857800 nmethod 5361 0x00000000040ff1d0 code [0x00000000040ff360, 0x00000000040ff618]
Event: 9.959 Thread 0x0000000016857800 5364       2       sun.text.bidi.BidiBase::resolveExplicitLevels (674 bytes)
Event: 9.962 Thread 0x0000000016857800 nmethod 5364 0x00000000040ff750 code [0x00000000040ff920, 0x0000000004100218]

GC Heap History (10 events):
Event: 3.015 GC heap before
{Heap before GC invocations=6 (full 1):
 PSYoungGen      total 35840K, used 35826K [0x00000000e1180000, 0x00000000e4880000, 0x0000000100000000)
  eden space 32256K, 100% used [0x00000000e1180000,0x00000000e3100000,0x00000000e3100000)
  from space 3584K, 99% used [0x00000000e4500000,0x00000000e487c808,0x00000000e4880000)
  to   space 3584K, 0% used [0x00000000e4180000,0x00000000e4180000,0x00000000e4500000)
 ParOldGen       total 59392K, used 13386K [0x00000000a3400000, 0x00000000a6e00000, 0x00000000e1180000)
  object space 59392K, 22% used [0x00000000a3400000,0x00000000a4112850,0x00000000a6e00000)
 Metaspace       used 24656K, capacity 25264K, committed 25600K, reserved 1071104K
  class space    used 3373K, capacity 3531K, committed 3584K, reserved 1048576K
Event: 3.032 GC heap after
Heap after GC invocations=6 (full 1):
 PSYoungGen      total 51712K, used 3583K [0x00000000e1180000, 0x00000000e5b80000, 0x0000000100000000)
  eden space 48128K, 0% used [0x00000000e1180000,0x00000000e1180000,0x00000000e4080000)
  from space 3584K, 99% used [0x00000000e4180000,0x00000000e44ffe30,0x00000000e4500000)
  to   space 13824K, 0% used [0x00000000e4e00000,0x00000000e4e00000,0x00000000e5b80000)
 ParOldGen       total 59392K, used 22844K [0x00000000a3400000, 0x00000000a6e00000, 0x00000000e1180000)
  object space 59392K, 38% used [0x00000000a3400000,0x00000000a4a4f1e8,0x00000000a6e00000)
 Metaspace       used 24656K, capacity 25264K, committed 25600K, reserved 1071104K
  class space    used 3373K, capacity 3531K, committed 3584K, reserved 1048576K
}
Event: 5.326 GC heap before
{Heap before GC invocations=7 (full 1):
 PSYoungGen      total 51712K, used 51711K [0x00000000e1180000, 0x00000000e5b80000, 0x0000000100000000)
  eden space 48128K, 100% used [0x00000000e1180000,0x00000000e4080000,0x00000000e4080000)
  from space 3584K, 99% used [0x00000000e4180000,0x00000000e44ffe30,0x00000000e4500000)
  to   space 13824K, 0% used [0x00000000e4e00000,0x00000000e4e00000,0x00000000e5b80000)
 ParOldGen       total 59392K, used 22844K [0x00000000a3400000, 0x00000000a6e00000, 0x00000000e1180000)
  object space 59392K, 38% used [0x00000000a3400000,0x00000000a4a4f1e8,0x00000000a6e00000)
 Metaspace       used 29548K, capacity 30150K, committed 30464K, reserved 1075200K
  class space    used 3910K, capacity 4084K, committed 4096K, reserved 1048576K
Event: 5.353 GC heap after
Heap after GC invocations=7 (full 1):
 PSYoungGen      total 58368K, used 13798K [0x00000000e1180000, 0x00000000e7700000, 0x0000000100000000)
  eden space 44544K, 0% used [0x00000000e1180000,0x00000000e1180000,0x00000000e3d00000)
  from space 13824K, 99% used [0x00000000e4e00000,0x00000000e5b79b40,0x00000000e5b80000)
  to   space 17408K, 0% used [0x00000000e3d00000,0x00000000e3d00000,0x00000000e4e00000)
 ParOldGen       total 59392K, used 24544K [0x00000000a3400000, 0x00000000a6e00000, 0x00000000e1180000)
  object space 59392K, 41% used [0x00000000a3400000,0x00000000a4bf8078,0x00000000a6e00000)
 Metaspace       used 29548K, capacity 30150K, committed 30464K, reserved 1075200K
  class space    used 3910K, capacity 4084K, committed 4096K, reserved 1048576K
}
Event: 8.164 GC heap before
{Heap before GC invocations=8 (full 1):
 PSYoungGen      total 58368K, used 58342K [0x00000000e1180000, 0x00000000e7700000, 0x0000000100000000)
  eden space 44544K, 100% used [0x00000000e1180000,0x00000000e3d00000,0x00000000e3d00000)
  from space 13824K, 99% used [0x00000000e4e00000,0x00000000e5b79b40,0x00000000e5b80000)
  to   space 17408K, 0% used [0x00000000e3d00000,0x00000000e3d00000,0x00000000e4e00000)
 ParOldGen       total 59392K, used 24544K [0x00000000a3400000, 0x00000000a6e00000, 0x00000000e1180000)
  object space 59392K, 41% used [0x00000000a3400000,0x00000000a4bf8078,0x00000000a6e00000)
 Metaspace       used 33482K, capacity 34654K, committed 34816K, reserved 1079296K
  class space    used 4508K, capacity 4752K, committed 4864K, reserved 1048576K
Event: 8.191 GC heap after
Heap after GC invocations=8 (full 1):
 PSYoungGen      total 61952K, used 7744K [0x00000000e1180000, 0x00000000e6e00000, 0x0000000100000000)
  eden space 44544K, 0% used [0x00000000e1180000,0x00000000e1180000,0x00000000e3d00000)
  from space 17408K, 44% used [0x00000000e3d00000,0x00000000e4490010,0x00000000e4e00000)
  to   space 16384K, 0% used [0x00000000e5e00000,0x00000000e5e00000,0x00000000e6e00000)
 ParOldGen       total 59392K, used 24552K [0x00000000a3400000, 0x00000000a6e00000, 0x00000000e1180000)
  object space 59392K, 41% used [0x00000000a3400000,0x00000000a4bfa078,0x00000000a6e00000)
 Metaspace       used 33482K, capacity 34654K, committed 34816K, reserved 1079296K
  class space    used 4508K, capacity 4752K, committed 4864K, reserved 1048576K
}
Event: 8.774 GC heap before
{Heap before GC invocations=9 (full 1):
 PSYoungGen      total 61952K, used 23823K [0x00000000e1180000, 0x00000000e6e00000, 0x0000000100000000)
  eden space 44544K, 36% used [0x00000000e1180000,0x00000000e2133d30,0x00000000e3d00000)
  from space 17408K, 44% used [0x00000000e3d00000,0x00000000e4490010,0x00000000e4e00000)
  to   space 16384K, 0% used [0x00000000e5e00000,0x00000000e5e00000,0x00000000e6e00000)
 ParOldGen       total 59392K, used 24552K [0x00000000a3400000, 0x00000000a6e00000, 0x00000000e1180000)
  object space 59392K, 41% used [0x00000000a3400000,0x00000000a4bfa078,0x00000000a6e00000)
 Metaspace       used 34195K, capacity 35412K, committed 35496K, reserved 1079296K
  class space    used 4568K, capacity 4799K, committed 4864K, reserved 1048576K
Event: 8.794 GC heap after
Heap after GC invocations=9 (full 1):
 PSYoungGen      total 78336K, used 10688K [0x00000000e1180000, 0x00000000e6f00000, 0x0000000100000000)
  eden space 61952K, 0% used [0x00000000e1180000,0x00000000e1180000,0x00000000e4e00000)
  from space 16384K, 65% used [0x00000000e5e00000,0x00000000e6870010,0x00000000e6e00000)
  to   space 16384K, 0% used [0x00000000e4e00000,0x00000000e4e00000,0x00000000e5e00000)
 ParOldGen       total 59392K, used 24560K [0x00000000a3400000, 0x00000000a6e00000, 0x00000000e1180000)
  object space 59392K, 41% used [0x00000000a3400000,0x00000000a4bfc078,0x00000000a6e00000)
 Metaspace       used 34195K, capacity 35412K, committed 35496K, reserved 1079296K
  class space    used 4568K, capacity 4799K, committed 4864K, reserved 1048576K
}
Event: 8.794 GC heap before
{Heap before GC invocations=10 (full 2):
 PSYoungGen      total 78336K, used 10688K [0x00000000e1180000, 0x00000000e6f00000, 0x0000000100000000)
  eden space 61952K, 0% used [0x00000000e1180000,0x00000000e1180000,0x00000000e4e00000)
  from space 16384K, 65% used [0x00000000e5e00000,0x00000000e6870010,0x00000000e6e00000)
  to   space 16384K, 0% used [0x00000000e4e00000,0x00000000e4e00000,0x00000000e5e00000)
 ParOldGen       total 59392K, used 24560K [0x00000000a3400000, 0x00000000a6e00000, 0x00000000e1180000)
  object space 59392K, 41% used [0x00000000a3400000,0x00000000a4bfc078,0x00000000a6e00000)
 Metaspace       used 34195K, capacity 35412K, committed 35496K, reserved 1079296K
  class space    used 4568K, capacity 4799K, committed 4864K, reserved 1048576K
Event: 8.934 GC heap after
Heap after GC invocations=10 (full 2):
 PSYoungGen      total 78336K, used 0K [0x00000000e1180000, 0x00000000e6f00000, 0x0000000100000000)
  eden space 61952K, 0% used [0x00000000e1180000,0x00000000e1180000,0x00000000e4e00000)
  from space 16384K, 0% used [0x00000000e5e00000,0x00000000e5e00000,0x00000000e6e00000)
  to   space 16384K, 0% used [0x00000000e4e00000,0x00000000e4e00000,0x00000000e5e00000)
 ParOldGen       total 91136K, used 16574K [0x00000000a3400000, 0x00000000a8d00000, 0x00000000e1180000)
  object space 91136K, 18% used [0x00000000a3400000,0x00000000a442f8e0,0x00000000a8d00000)
 Metaspace       used 34195K, capacity 35412K, committed 35496K, reserved 1079296K
  class space    used 4568K, capacity 4799K, committed 4864K, reserved 1048576K
}

Deoptimization events (10 events):
Event: 8.390 Thread 0x0000000018493800 Uncommon trap: reason=class_check action=maybe_recompile pc=0x0000000003dac30c method=java.util.Hashtable.put(Ljava/lang/Object;Ljava/lang/Object;)Ljava/lang/Object; @ 60
Event: 8.421 Thread 0x0000000018493800 Uncommon trap: reason=class_check action=maybe_recompile pc=0x0000000003dac30c method=java.util.Hashtable.put(Ljava/lang/Object;Ljava/lang/Object;)Ljava/lang/Object; @ 60
Event: 8.426 Thread 0x0000000018493800 Uncommon trap: reason=class_check action=maybe_recompile pc=0x0000000003dac30c method=java.util.Hashtable.put(Ljava/lang/Object;Ljava/lang/Object;)Ljava/lang/Object; @ 60
Event: 8.457 Thread 0x0000000018493800 Uncommon trap: reason=class_check action=maybe_recompile pc=0x0000000003dac30c method=java.util.Hashtable.put(Ljava/lang/Object;Ljava/lang/Object;)Ljava/lang/Object; @ 60
Event: 8.606 Thread 0x0000000018493800 Uncommon trap: reason=unstable_if action=reinterpret pc=0x0000000003b81ac0 method=com.sun.javafx.css.BitSet.add(Ljava/lang/Object;)Z @ 91
Event: 8.606 Thread 0x0000000018493800 Uncommon trap: reason=unstable_if action=reinterpret pc=0x00000000032782ac method=com.sun.javafx.css.BitSet.retainAll(Ljava/util/Collection;)Z @ 302
Event: 8.625 Thread 0x0000000018493800 Uncommon trap: reason=unstable_if action=reinterpret pc=0x000000000375737c method=javafx.collections.ListChangeBuilder.commit()V @ 16
Event: 8.669 Thread 0x0000000018493800 Uncommon trap: reason=unstable_if action=reinterpret pc=0x0000000003d771d8 method=com.sun.javafx.css.BitSet.addAll(Ljava/util/Collection;)Z @ 1
Event: 8.954 Thread 0x0000000018493800 Uncommon trap: reason=unstable_if action=reinterpret pc=0x00000000032bcf00 method=java.lang.CharacterData.of(I)Ljava/lang/CharacterData; @ 4
Event: 9.118 Thread 0x0000000018493800 Uncommon trap: reason=bimorphic action=maybe_recompile pc=0x0000000003238d74 method=java.util.Hashtable.addEntry(ILjava/lang/Object;Ljava/lang/Object;I)V @ 38

Internal exceptions (10 events):
Event: 2.571 Thread 0x0000000018493800 Implicit null exception at 0x00000000035d72dd to 0x00000000035d7be9
Event: 2.654 Thread 0x0000000018493800 Implicit null exception at 0x00000000035bd8c0 to 0x00000000035be231
Event: 2.716 Thread 0x0000000018493800 Implicit null exception at 0x00000000034e263d to 0x00000000034e2a15
Event: 3.245 Thread 0x0000000018493800 Implicit null exception at 0x0000000003350a56 to 0x0000000003350d81
Event: 3.516 Thread 0x0000000018493800 Exception <a 'sun/net/ConnectionResetException': > (0x00000000e2b366d8) thrown at [C:\re\workspace\8-2-build-windows-amd64-cygwin\jdk8u45\3627\hotspot\src\share\vm\prims\jni.cpp, line 735]
Event: 3.516 Thread 0x0000000018493800 Exception <a 'sun/net/ConnectionResetException': > (0x00000000e2b36a40) thrown at [C:\re\workspace\8-2-build-windows-amd64-cygwin\jdk8u45\3627\hotspot\src\share\vm\prims\jni.cpp, line 735]
Event: 4.049 Thread 0x0000000018493800 Implicit null exception at 0x00000000033109d6 to 0x0000000003310cf1
Event: 4.317 Thread 0x0000000018493800 Exception <a 'sun/net/ConnectionResetException': > (0x00000000e35e2980) thrown at [C:\re\workspace\8-2-build-windows-amd64-cygwin\jdk8u45\3627\hotspot\src\share\vm\prims\jni.cpp, line 735]
Event: 4.317 Thread 0x0000000018493800 Exception <a 'sun/net/ConnectionResetException': > (0x00000000e35e2e78) thrown at [C:\re\workspace\8-2-build-windows-amd64-cygwin\jdk8u45\3627\hotspot\src\share\vm\prims\jni.cpp, line 735]
Event: 8.669 Thread 0x0000000018493800 Implicit null exception at 0x0000000003d76cef to 0x0000000003d771c5

Events (10 events):
Event: 8.954 Thread 0x0000000018493800 Uncommon trap: trap_request=0xffffff65 fr.pc=0x00000000032bcf00
Event: 8.954 Thread 0x0000000018493800 DEOPT PACKING pc=0x00000000032bcf00 sp=0x000000001933ca50
Event: 8.954 Thread 0x0000000018493800 DEOPT UNPACKING pc=0x000000000310582a sp=0x000000001933c9f0 mode 2
Event: 8.954 loading class java/lang/CharacterData00
Event: 8.954 loading class java/lang/CharacterData00 done
Event: 8.954 Executing VM operation: Deoptimize
Event: 8.955 Executing VM operation: Deoptimize done
Event: 9.118 Thread 0x0000000018493800 Uncommon trap: trap_request=0xffffffc6 fr.pc=0x0000000003238d74
Event: 9.118 Thread 0x0000000018493800 DEOPT PACKING pc=0x0000000003238d74 sp=0x000000001933caa0
Event: 9.118 Thread 0x0000000018493800 DEOPT UNPACKING pc=0x000000000310582a sp=0x000000001933ca68 mode 2


Dynamic libraries:
0x00007ff73db70000 - 0x00007ff73dba7000 	C:\Program Files\Java\jdk1.8.0_45\jre\bin\java.exe
0x00007ffaba400000 - 0x00007ffaba5d1000 	C:\WINDOWS\SYSTEM32\ntdll.dll
0x00007ffab9700000 - 0x00007ffab97ac000 	C:\WINDOWS\System32\KERNEL32.DLL
0x00007ffab7300000 - 0x00007ffab751d000 	C:\WINDOWS\System32\KERNELBASE.dll
0x00007ffab7e20000 - 0x00007ffab7ec2000 	C:\WINDOWS\System32\ADVAPI32.dll
0x00007ffab9570000 - 0x00007ffab960e000 	C:\WINDOWS\System32\msvcrt.dll
0x00007ffab9820000 - 0x00007ffab9879000 	C:\WINDOWS\System32\sechost.dll
0x00007ffab7cf0000 - 0x00007ffab7e11000 	C:\WINDOWS\System32\RPCRT4.dll
0x00007ffab9880000 - 0x00007ffab99e5000 	C:\WINDOWS\System32\USER32.dll
0x00007ffab6900000 - 0x00007ffab691e000 	C:\WINDOWS\System32\win32u.dll
0x00007ffab9630000 - 0x00007ffab9664000 	C:\WINDOWS\System32\GDI32.dll
0x00007ffab77b0000 - 0x00007ffab7930000 	C:\WINDOWS\System32\gdi32full.dll
0x00007ffaaecb0000 - 0x00007ffaaef2a000 	C:\WINDOWS\WinSxS\amd64_microsoft.windows.common-controls_6595b64144ccf1df_6.0.14393.953_none_42151e83c686086b\COMCTL32.dll
0x00007ffab99f0000 - 0x00007ffab9cb8000 	C:\WINDOWS\System32\combase.dll
0x00007ffab6920000 - 0x00007ffab6a15000 	C:\WINDOWS\System32\ucrtbase.dll
0x00007ffab7740000 - 0x00007ffab77aa000 	C:\WINDOWS\System32\bcryptPrimitives.dll
0x00007ffab9670000 - 0x00007ffab969e000 	C:\WINDOWS\System32\IMM32.DLL
0x000000006d6e0000 - 0x000000006d7b2000 	C:\Program Files\Java\jdk1.8.0_45\jre\bin\msvcr100.dll
0x000000006d7c0000 - 0x000000006e043000 	C:\Program Files\Java\jdk1.8.0_45\jre\bin\server\jvm.dll
0x00007ffab9560000 - 0x00007ffab9568000 	C:\WINDOWS\System32\PSAPI.DLL
0x00007ffaaf370000 - 0x00007ffaaf393000 	C:\WINDOWS\SYSTEM32\WINMM.dll
0x00007ffab5620000 - 0x00007ffab562a000 	C:\WINDOWS\SYSTEM32\VERSION.dll
0x0000000002cb0000 - 0x0000000002cdb000 	C:\WINDOWS\SYSTEM32\WINMMBASE.dll
0x00007ffaa8260000 - 0x00007ffaa8269000 	C:\WINDOWS\SYSTEM32\WSOCK32.dll
0x00007ffab76f0000 - 0x00007ffab7732000 	C:\WINDOWS\System32\cfgmgr32.dll
0x00007ffab94e0000 - 0x00007ffab954a000 	C:\WINDOWS\System32\WS2_32.dll
0x000000006d690000 - 0x000000006d69f000 	C:\Program Files\Java\jdk1.8.0_45\jre\bin\verify.dll
0x000000006d660000 - 0x000000006d689000 	C:\Program Files\Java\jdk1.8.0_45\jre\bin\java.dll
0x000000006d640000 - 0x000000006d656000 	C:\Program Files\Java\jdk1.8.0_45\jre\bin\zip.dll
0x00007ffab7ed0000 - 0x00007ffab93d8000 	C:\WINDOWS\System32\SHELL32.dll
0x00007ffab6c20000 - 0x00007ffab72fa000 	C:\WINDOWS\System32\windows.storage.dll
0x00007ffab6870000 - 0x00007ffab68bc000 	C:\WINDOWS\System32\powrprof.dll
0x00007ffab96a0000 - 0x00007ffab96f2000 	C:\WINDOWS\System32\shlwapi.dll
0x00007ffab68e0000 - 0x00007ffab68ef000 	C:\WINDOWS\System32\kernel.appcore.dll
0x00007ffab6b70000 - 0x00007ffab6c19000 	C:\WINDOWS\System32\shcore.dll
0x00007ffab68c0000 - 0x00007ffab68d4000 	C:\WINDOWS\System32\profapi.dll
0x000000006d350000 - 0x000000006d37c000 	C:\Program Files\Java\jdk1.8.0_45\jre\bin\prism_d3d.dll
0x00007ffa97f30000 - 0x00007ffa980bd000 	C:\WINDOWS\system32\d3d9.dll
0x00007ffab4650000 - 0x00007ffab4676000 	C:\WINDOWS\SYSTEM32\dwmapi.dll
0x00007ffab4fb0000 - 0x00007ffab5045000 	C:\WINDOWS\system32\uxtheme.dll
0x0000000180000000 - 0x0000000180806000 	C:\WINDOWS\SYSTEM32\igdumd64.dll
0x000000006d300000 - 0x000000006d341000 	C:\Program Files\Java\jdk1.8.0_45\jre\bin\glass.dll
0x00007ffab93e0000 - 0x00007ffab94da000 	C:\WINDOWS\System32\COMDLG32.dll
0x00007ffab7990000 - 0x00007ffab7ac8000 	C:\WINDOWS\System32\ole32.dll
0x00007ffab7c30000 - 0x00007ffab7cef000 	C:\WINDOWS\System32\OLEAUT32.dll
0x00007ffab6ad0000 - 0x00007ffab6b6c000 	C:\WINDOWS\System32\msvcp_win.dll
0x00007ffab7ad0000 - 0x00007ffab7c2a000 	C:\WINDOWS\System32\MSCTF.dll
0x000000006d2e0000 - 0x000000006d2f5000 	C:\Program Files\Java\jdk1.8.0_45\jre\bin\javafx_font.dll
0x00007ffab00d0000 - 0x00007ffab0339000 	C:\WINDOWS\SYSTEM32\dwrite.dll
0x000000006d2b0000 - 0x000000006d2d5000 	C:\Program Files\Java\jdk1.8.0_45\jre\bin\javafx_iio.dll
0x000000006d280000 - 0x000000006d2a4000 	C:\Program Files\Java\jdk1.8.0_45\jre\bin\sunec.dll
0x000000006d620000 - 0x000000006d63a000 	C:\Program Files\Java\jdk1.8.0_45\jre\bin\net.dll
0x000000001ec40000 - 0x000000001ecad000 	C:\Windows\system32\LavasoftTcpService64.dll
0x00007ffab5f20000 - 0x00007ffab5f58000 	C:\WINDOWS\SYSTEM32\IPHLPAPI.DLL
0x00007ffab61a0000 - 0x00007ffab61fc000 	C:\WINDOWS\SYSTEM32\MSWSOCK.dll
0x00007ffab6570000 - 0x00007ffab659c000 	C:\WINDOWS\SYSTEM32\SspiCli.dll
0x00007ffa98f00000 - 0x00007ffa98f16000 	C:\WINDOWS\system32\napinsp.dll
0x00007ffaa5640000 - 0x00007ffaa565a000 	C:\WINDOWS\system32\pnrpnsp.dll
0x00007ffab2c00000 - 0x00007ffab2c18000 	C:\WINDOWS\system32\NLAapi.dll
0x00007ffab5f60000 - 0x00007ffab6001000 	C:\WINDOWS\SYSTEM32\DNSAPI.dll
0x00007ffab9550000 - 0x00007ffab9558000 	C:\WINDOWS\System32\NSI.dll
0x00007ffaafd70000 - 0x00007ffaafd7e000 	C:\WINDOWS\System32\winrnr.dll
0x00007ffaabf60000 - 0x00007ffaabf6a000 	C:\Windows\System32\rasadhlp.dll
0x00007ffab0d20000 - 0x00007ffab0d8a000 	C:\WINDOWS\System32\fwpuclnt.dll
0x00007ffab6450000 - 0x00007ffab647b000 	C:\WINDOWS\SYSTEM32\bcrypt.dll
0x00007ffab9d80000 - 0x00007ffab9e1f000 	C:\WINDOWS\System32\clbcatq.dll
0x00007ffab6740000 - 0x00007ffab67d8000 	C:\WINDOWS\SYSTEM32\sxs.dll
0x00007ffab41f0000 - 0x00007ffab4398000 	C:\WINDOWS\SYSTEM32\WindowsCodecs.dll
0x00007ffaab850000 - 0x00007ffaab899000 	C:\WINDOWS\system32\dataexchange.dll
0x00007ffab2940000 - 0x00007ffab2bf6000 	C:\WINDOWS\system32\d3d11.dll
0x00007ffab4920000 - 0x00007ffab4a71000 	C:\WINDOWS\system32\dcomp.dll
0x00007ffab57f0000 - 0x00007ffab588f000 	C:\WINDOWS\system32\dxgi.dll
0x00007ffab5370000 - 0x00007ffab548c000 	C:\WINDOWS\system32\twinapi.appcore.dll
0x00007ffaad5c0000 - 0x00007ffaad5f2000 	C:\Program Files\Common Files\Microsoft Shared\Ink\rtscom.dll
0x00007ffaa8840000 - 0x00007ffaa89d2000 	C:\WINDOWS\SYSTEM32\dbghelp.dll

VM Arguments:
jvm_args: -Dfile.encoding=UTF-8 
java_command: C:\Users\Mr_JYPY\Documents\NetBeansProjects\fx_formuly\dist\run869193371\fx_formuly.jar
java_class_path (initial): C:\Users\Mr_JYPY\Documents\NetBeansProjects\fx_formuly\dist\run869193371\fx_formuly.jar
Launcher Type: SUN_STANDARD

Environment Variables:
JAVA_HOME=C:\Program Files\Java\jdk1.8.0_45
PATH=C:\Program Files\Microsoft HPC Pack 2012\Bin\;C:\Program Files\Microsoft HPC Pack 2008 R2\Bin\;C:\app\Mr_JYPY\product\11.2.0\dbhome_1\bin;C:\ProgramData\Oracle\Java\javapath;C:\WINDOWS\system32;C:\WINDOWS;C:\WINDOWS\System32\Wbem;C:\WINDOWS\System32\WindowsPowerShell\v1.0\;C:\wamp\bin\php\php5.5.12;C:\ProgramData\ComposerSetup\bin;C:\Program Files\MATLAB\R2012b\runtime\win64;C:\Program Files\MATLAB\R2012b\bin;C:\Program Files\Java\jdk1.8.0_45\bin;C:\Program Files\nodejs\;C:\Program Files\Microsoft SQL Server\110\Tools\Binn\;C:\Program Files\Git\cmd;C:\Program Files (x86)\pgmodeler;C:\wamp\bin\mysql\mysql5.6.12\bin;C:\cygwin64\bin
USERNAME=Mr_JYPY
OS=Windows_NT
PROCESSOR_IDENTIFIER=Intel64 Family 6 Model 37 Stepping 5, GenuineIntel



---------------  S Y S T E M  ---------------

OS: Windows 10.0 , 64 bit Build 14393 (10.0.14393.1198)

CPU:total 4 (2 cores per cpu, 2 threads per core) family 6 model 37 stepping 5, cmov, cx8, fxsr, mmx, sse, sse2, sse3, ssse3, sse4.1, sse4.2, popcnt, ht, tsc, tscinvbit

Memory: 4k page, physical 6077876k(1006596k free), swap 10928260k(3688k free)

vm_info: Java HotSpot(TM) 64-Bit Server VM (25.45-b02) for windows-amd64 JRE (1.8.0_45-b15), built on Apr 30 2015 12:40:44 by "java_re" with MS VC++ 10.0 (VS2010)

time: Sun Sep 24 22:44:15 2017
elapsed time: 10 seconds (0d 0h 0m 10s)

