#
# There is insufficient memory for the Java Runtime Environment to continue.
# Native memory allocation (malloc) failed to allocate 32744 bytes for ChunkPool::allocate
# Possible reasons:
#   The system is out of physical RAM or swap space
#   In 32 bit mode, the process size limit was hit
# Possible solutions:
#   Reduce memory load on the system
#   Increase physical memory or swap space
#   Check if swap backing store is full
#   Use 64 bit Java on a 64 bit OS
#   Decrease Java heap size (-Xmx/-Xms)
#   Decrease number of Java threads
#   Decrease Java thread stack sizes (-Xss)
#   Set larger code cache with -XX:ReservedCodeCacheSize=
# This output file may be truncated or incomplete.
#
#  Out of Memory Error (allocation.cpp:273), pid=3008, tid=12668
#
# JRE version: Java(TM) SE Runtime Environment (8.0_45-b15) (build 1.8.0_45-b15)
# Java VM: Java HotSpot(TM) 64-Bit Server VM (25.45-b02 mixed mode windows-amd64 compressed oops)
# Failed to write core dump. Minidumps are not enabled by default on client versions of Windows
#

---------------  T H R E A D  ---------------

Current thread (0x0000000016687000):  JavaThread "C1 CompilerThread2" daemon [_thread_in_native, id=12668, stack(0x0000000017dd0000,0x0000000017ed0000)]

Stack: [0x0000000017dd0000,0x0000000017ed0000]
Native frames: (J=compiled Java code, j=interpreted, Vv=VM code, C=native code)
V  [jvm.dll+0x32b57a]


Current CompileTask:
C1:   9349 5358       2       com.sun.javafx.scene.control.skin.LabeledSkinBase::layoutLabelInArea (1590 bytes)


---------------  P R O C E S S  ---------------

Java Threads: ( => current thread )
  0x000000002083b800 JavaThread "Prism Font Disposer" daemon [_thread_blocked, id=13332, stack(0x0000000020c70000,0x0000000020d70000)]
  0x0000000018664000 JavaThread "Thread-3" daemon [_thread_in_native, id=8668, stack(0x000000001aef0000,0x000000001aff0000)]
  0x0000000018651000 JavaThread "JavaFX-Launcher" [_thread_blocked, id=8856, stack(0x000000001aff0000,0x000000001b0f0000)]
  0x00000000185e6000 JavaThread "JavaFX Application Thread" [_thread_in_Java, id=13848, stack(0x0000000019050000,0x0000000019150000)]
  0x00000000185e3000 JavaThread "Thread-1" daemon [_thread_blocked, id=5540, stack(0x0000000018f50000,0x0000000019050000)]
  0x00000000182b2000 JavaThread "QuantumRenderer-0" daemon [_thread_blocked, id=10504, stack(0x00000000184d0000,0x00000000185d0000)]
  0x0000000017ef9800 JavaThread "Service Thread" daemon [_thread_blocked, id=11492, stack(0x00000000182d0000,0x00000000183d0000)]
=>0x0000000016687000 JavaThread "C1 CompilerThread2" daemon [_thread_in_native, id=12668, stack(0x0000000017dd0000,0x0000000017ed0000)]
  0x0000000016683800 JavaThread "C2 CompilerThread1" daemon [_thread_in_native, id=11820, stack(0x0000000017cd0000,0x0000000017dd0000)]
  0x0000000016681800 JavaThread "C2 CompilerThread0" daemon [_thread_in_native, id=6596, stack(0x0000000017bd0000,0x0000000017cd0000)]
  0x0000000016680800 JavaThread "Attach Listener" daemon [_thread_blocked, id=11932, stack(0x0000000017ad0000,0x0000000017bd0000)]
  0x000000001667d000 JavaThread "Signal Dispatcher" daemon [_thread_blocked, id=2308, stack(0x00000000179d0000,0x0000000017ad0000)]
  0x0000000002ee9800 JavaThread "Finalizer" daemon [_thread_blocked, id=11600, stack(0x00000000178d0000,0x00000000179d0000)]
  0x0000000002ee0800 JavaThread "Reference Handler" daemon [_thread_blocked, id=12488, stack(0x00000000177d0000,0x00000000178d0000)]
  0x0000000002df2800 JavaThread "main" [_thread_blocked, id=6448, stack(0x0000000002ca0000,0x0000000002da0000)]

Other Threads:
  0x0000000016648000 VMThread [stack: 0x00000000176d0000,0x00000000177d0000] [id=5276]
  0x0000000017f0b800 WatcherThread [stack: 0x00000000183d0000,0x00000000184d0000] [id=9320]

VM state:not at safepoint (normal execution)

VM Mutex/Monitor currently owned by a thread: None

Heap:
 PSYoungGen      total 78848K, used 34002K [0x00000000e1180000, 0x00000000e6f00000, 0x0000000100000000)
  eden space 62464K, 54% used [0x00000000e1180000,0x00000000e32b4bd8,0x00000000e4e80000)
  from space 16384K, 0% used [0x00000000e5e80000,0x00000000e5e80000,0x00000000e6e80000)
  to   space 16384K, 0% used [0x00000000e4e80000,0x00000000e4e80000,0x00000000e5e80000)
 ParOldGen       total 90112K, used 16668K [0x00000000a3400000, 0x00000000a8c00000, 0x00000000e1180000)
  object space 90112K, 18% used [0x00000000a3400000,0x00000000a44472c8,0x00000000a8c00000)
 Metaspace       used 34516K, capacity 35840K, committed 36096K, reserved 1081344K
  class space    used 4579K, capacity 4817K, committed 4864K, reserved 1048576K

Card table byte_map: [0x00000000122b0000,0x00000000125a0000] byte_map_base: 0x0000000011d96000

Marking Bits: (ParMarkBitMap*) 0x000000006dfc4040
 Begin Bits: [0x0000000012b90000, 0x00000000142c0000)
 End Bits:   [0x00000000142c0000, 0x00000000159f0000)

Polling page: 0x0000000001380000

CodeCache: size=245760Kb used=17756Kb max_used=17756Kb free=228003Kb
 bounds [0x0000000002ef0000, 0x0000000004060000, 0x0000000011ef0000]
 total_blobs=5928 nmethods=5275 adapters=564
 compilation: enabled

Compilation events (10 events):
Event: 9.317 Thread 0x0000000016687000 nmethod 5345 0x0000000004050850 code [0x00000000040509c0, 0x0000000004050b88]
Event: 9.317 Thread 0x0000000016687000 5356       1       javafx.geometry.Bounds::getWidth (5 bytes)
Event: 9.317 Thread 0x0000000016687000 nmethod 5356 0x0000000004050c50 code [0x0000000004050da0, 0x0000000004050eb0]
Event: 9.317 Thread 0x0000000016687000 5343       2       com.sun.javafx.font.LogicalFont::getGlyphBoundingBox (32 bytes)
Event: 9.317 Thread 0x0000000016687000 nmethod 5343 0x0000000004050f10 code [0x0000000004051080, 0x0000000004051258]
Event: 9.317 Thread 0x0000000016687000 5346       2       javafx.scene.text.Text$2::invalidated (72 bytes)
Event: 9.320 Thread 0x0000000016687000 nmethod 5346 0x0000000004051350 code [0x00000000040515a0, 0x0000000004051f38]
Event: 9.320 Thread 0x0000000016687000 5347       2       javafx.scene.text.Text::setImpl_selectionStart (32 bytes)
Event: 9.321 Thread 0x0000000016687000 nmethod 5347 0x0000000004052910 code [0x0000000004052aa0, 0x0000000004052e18]
Event: 9.321 Thread 0x0000000016687000 5358       2       com.sun.javafx.scene.control.skin.LabeledSkinBase::layoutLabelInArea (1590 bytes)

GC Heap History (10 events):
Event: 2.846 GC heap before
{Heap before GC invocations=6 (full 1):
 PSYoungGen      total 35840K, used 35811K [0x00000000e1180000, 0x00000000e4880000, 0x0000000100000000)
  eden space 32256K, 100% used [0x00000000e1180000,0x00000000e3100000,0x00000000e3100000)
  from space 3584K, 99% used [0x00000000e4500000,0x00000000e4878e28,0x00000000e4880000)
  to   space 3584K, 0% used [0x00000000e4180000,0x00000000e4180000,0x00000000e4500000)
 ParOldGen       total 57856K, used 13301K [0x00000000a3400000, 0x00000000a6c80000, 0x00000000e1180000)
  object space 57856K, 22% used [0x00000000a3400000,0x00000000a40fd4a8,0x00000000a6c80000)
 Metaspace       used 24620K, capacity 25264K, committed 25600K, reserved 1071104K
  class space    used 3362K, capacity 3531K, committed 3584K, reserved 1048576K
Event: 2.863 GC heap after
Heap after GC invocations=6 (full 1):
 PSYoungGen      total 51712K, used 3559K [0x00000000e1180000, 0x00000000e5a80000, 0x0000000100000000)
  eden space 48128K, 0% used [0x00000000e1180000,0x00000000e1180000,0x00000000e4080000)
  from space 3584K, 99% used [0x00000000e4180000,0x00000000e44f9ff8,0x00000000e4500000)
  to   space 13312K, 0% used [0x00000000e4d80000,0x00000000e4d80000,0x00000000e5a80000)
 ParOldGen       total 57856K, used 22689K [0x00000000a3400000, 0x00000000a6c80000, 0x00000000e1180000)
  object space 57856K, 39% used [0x00000000a3400000,0x00000000a4a28680,0x00000000a6c80000)
 Metaspace       used 24620K, capacity 25264K, committed 25600K, reserved 1071104K
  class space    used 3362K, capacity 3531K, committed 3584K, reserved 1048576K
}
Event: 4.825 GC heap before
{Heap before GC invocations=7 (full 1):
 PSYoungGen      total 51712K, used 51687K [0x00000000e1180000, 0x00000000e5a80000, 0x0000000100000000)
  eden space 48128K, 100% used [0x00000000e1180000,0x00000000e4080000,0x00000000e4080000)
  from space 3584K, 99% used [0x00000000e4180000,0x00000000e44f9ff8,0x00000000e4500000)
  to   space 13312K, 0% used [0x00000000e4d80000,0x00000000e4d80000,0x00000000e5a80000)
 ParOldGen       total 57856K, used 22689K [0x00000000a3400000, 0x00000000a6c80000, 0x00000000e1180000)
  object space 57856K, 39% used [0x00000000a3400000,0x00000000a4a28680,0x00000000a6c80000)
 Metaspace       used 29541K, capacity 30214K, committed 30464K, reserved 1075200K
  class space    used 3907K, capacity 4084K, committed 4096K, reserved 1048576K
Event: 4.850 GC heap after
Heap after GC invocations=7 (full 1):
 PSYoungGen      total 57856K, used 13280K [0x00000000e1180000, 0x00000000e7680000, 0x0000000100000000)
  eden space 44544K, 0% used [0x00000000e1180000,0x00000000e1180000,0x00000000e3d00000)
  from space 13312K, 99% used [0x00000000e4d80000,0x00000000e5a78390,0x00000000e5a80000)
  to   space 16896K, 0% used [0x00000000e3d00000,0x00000000e3d00000,0x00000000e4d80000)
 ParOldGen       total 57856K, used 24818K [0x00000000a3400000, 0x00000000a6c80000, 0x00000000e1180000)
  object space 57856K, 42% used [0x00000000a3400000,0x00000000a4c3c9f8,0x00000000a6c80000)
 Metaspace       used 29541K, capacity 30214K, committed 30464K, reserved 1075200K
  class space    used 3907K, capacity 4084K, committed 4096K, reserved 1048576K
}
Event: 7.625 GC heap before
{Heap before GC invocations=8 (full 1):
 PSYoungGen      total 57856K, used 57824K [0x00000000e1180000, 0x00000000e7680000, 0x0000000100000000)
  eden space 44544K, 100% used [0x00000000e1180000,0x00000000e3d00000,0x00000000e3d00000)
  from space 13312K, 99% used [0x00000000e4d80000,0x00000000e5a78390,0x00000000e5a80000)
  to   space 16896K, 0% used [0x00000000e3d00000,0x00000000e3d00000,0x00000000e4d80000)
 ParOldGen       total 57856K, used 24818K [0x00000000a3400000, 0x00000000a6c80000, 0x00000000e1180000)
  object space 57856K, 42% used [0x00000000a3400000,0x00000000a4c3c9f8,0x00000000a6c80000)
 Metaspace       used 33456K, capacity 34654K, committed 34816K, reserved 1079296K
  class space    used 4507K, capacity 4752K, committed 4864K, reserved 1048576K
Event: 7.652 GC heap after
Heap after GC invocations=8 (full 1):
 PSYoungGen      total 61440K, used 7648K [0x00000000e1180000, 0x00000000e6e80000, 0x0000000100000000)
  eden space 44544K, 0% used [0x00000000e1180000,0x00000000e1180000,0x00000000e3d00000)
  from space 16896K, 45% used [0x00000000e3d00000,0x00000000e4478010,0x00000000e4d80000)
  to   space 16384K, 0% used [0x00000000e5e80000,0x00000000e5e80000,0x00000000e6e80000)
 ParOldGen       total 57856K, used 24826K [0x00000000a3400000, 0x00000000a6c80000, 0x00000000e1180000)
  object space 57856K, 42% used [0x00000000a3400000,0x00000000a4c3e9f8,0x00000000a6c80000)
 Metaspace       used 33456K, capacity 34654K, committed 34816K, reserved 1079296K
  class space    used 4507K, capacity 4752K, committed 4864K, reserved 1048576K
}
Event: 8.279 GC heap before
{Heap before GC invocations=9 (full 1):
 PSYoungGen      total 61440K, used 24409K [0x00000000e1180000, 0x00000000e6e80000, 0x0000000100000000)
  eden space 44544K, 37% used [0x00000000e1180000,0x00000000e21de6e8,0x00000000e3d00000)
  from space 16896K, 45% used [0x00000000e3d00000,0x00000000e4478010,0x00000000e4d80000)
  to   space 16384K, 0% used [0x00000000e5e80000,0x00000000e5e80000,0x00000000e6e80000)
 ParOldGen       total 57856K, used 24826K [0x00000000a3400000, 0x00000000a6c80000, 0x00000000e1180000)
  object space 57856K, 42% used [0x00000000a3400000,0x00000000a4c3e9f8,0x00000000a6c80000)
 Metaspace       used 34164K, capacity 35412K, committed 35496K, reserved 1079296K
  class space    used 4567K, capacity 4799K, committed 4864K, reserved 1048576K
Event: 8.301 GC heap after
Heap after GC invocations=9 (full 1):
 PSYoungGen      total 78848K, used 10720K [0x00000000e1180000, 0x00000000e6f00000, 0x0000000100000000)
  eden space 62464K, 0% used [0x00000000e1180000,0x00000000e1180000,0x00000000e4e80000)
  from space 16384K, 65% used [0x00000000e5e80000,0x00000000e68f8010,0x00000000e6e80000)
  to   space 16384K, 0% used [0x00000000e4e80000,0x00000000e4e80000,0x00000000e5e80000)
 ParOldGen       total 57856K, used 24834K [0x00000000a3400000, 0x00000000a6c80000, 0x00000000e1180000)
  object space 57856K, 42% used [0x00000000a3400000,0x00000000a4c409f8,0x00000000a6c80000)
 Metaspace       used 34164K, capacity 35412K, committed 35496K, reserved 1079296K
  class space    used 4567K, capacity 4799K, committed 4864K, reserved 1048576K
}
Event: 8.301 GC heap before
{Heap before GC invocations=10 (full 2):
 PSYoungGen      total 78848K, used 10720K [0x00000000e1180000, 0x00000000e6f00000, 0x0000000100000000)
  eden space 62464K, 0% used [0x00000000e1180000,0x00000000e1180000,0x00000000e4e80000)
  from space 16384K, 65% used [0x00000000e5e80000,0x00000000e68f8010,0x00000000e6e80000)
  to   space 16384K, 0% used [0x00000000e4e80000,0x00000000e4e80000,0x00000000e5e80000)
 ParOldGen       total 57856K, used 24834K [0x00000000a3400000, 0x00000000a6c80000, 0x00000000e1180000)
  object space 57856K, 42% used [0x00000000a3400000,0x00000000a4c409f8,0x00000000a6c80000)
 Metaspace       used 34164K, capacity 35412K, committed 35496K, reserved 1079296K
  class space    used 4567K, capacity 4799K, committed 4864K, reserved 1048576K
Event: 8.439 GC heap after
Heap after GC invocations=10 (full 2):
 PSYoungGen      total 78848K, used 0K [0x00000000e1180000, 0x00000000e6f00000, 0x0000000100000000)
  eden space 62464K, 0% used [0x00000000e1180000,0x00000000e1180000,0x00000000e4e80000)
  from space 16384K, 0% used [0x00000000e5e80000,0x00000000e5e80000,0x00000000e6e80000)
  to   space 16384K, 0% used [0x00000000e4e80000,0x00000000e4e80000,0x00000000e5e80000)
 ParOldGen       total 90112K, used 16668K [0x00000000a3400000, 0x00000000a8c00000, 0x00000000e1180000)
  object space 90112K, 18% used [0x00000000a3400000,0x00000000a44472c8,0x00000000a8c00000)
 Metaspace       used 34164K, capacity 35412K, committed 35496K, reserved 1079296K
  class space    used 4567K, capacity 4799K, committed 4864K, reserved 1048576K
}

Deoptimization events (10 events):
Event: 7.724 Thread 0x00000000185e6000 Uncommon trap: reason=unstable_if action=reinterpret pc=0x0000000003db660c method=java.util.WeakHashMap.expungeStaleEntries()V @ 9
Event: 7.806 Thread 0x00000000185e6000 Uncommon trap: reason=bimorphic action=maybe_recompile pc=0x0000000003ca9a74 method=java.util.Hashtable.addEntry(ILjava/lang/Object;Ljava/lang/Object;I)V @ 38
Event: 7.808 Thread 0x00000000185e6000 Uncommon trap: reason=bimorphic action=maybe_recompile pc=0x0000000003ca9a74 method=java.util.Hashtable.addEntry(ILjava/lang/Object;Ljava/lang/Object;I)V @ 38
Event: 7.858 Thread 0x00000000185e6000 Uncommon trap: reason=unstable_if action=reinterpret pc=0x0000000003e0e690 method=com.sun.javafx.css.BitSet.retainAll(Ljava/util/Collection;)Z @ 89
Event: 7.872 Thread 0x00000000185e6000 Uncommon trap: reason=bimorphic action=maybe_recompile pc=0x0000000003ca9a74 method=java.util.Hashtable.addEntry(ILjava/lang/Object;Ljava/lang/Object;I)V @ 38
Event: 8.092 Thread 0x00000000185e6000 Uncommon trap: reason=unstable_if action=reinterpret pc=0x00000000039d7898 method=com.sun.javafx.css.BitSet.add(Ljava/lang/Object;)Z @ 91
Event: 8.114 Thread 0x00000000185e6000 Uncommon trap: reason=unstable_if action=reinterpret pc=0x0000000003d9103c method=javafx.collections.ListChangeBuilder.commit()V @ 16
Event: 8.161 Thread 0x00000000185e6000 Uncommon trap: reason=unstable_if action=reinterpret pc=0x0000000003c7ad18 method=com.sun.javafx.css.BitSet.addAll(Ljava/util/Collection;)Z @ 1
Event: 8.442 Thread 0x00000000185e6000 Uncommon trap: reason=unstable_if action=reinterpret pc=0x00000000030e8e80 method=java.lang.CharacterData.of(I)Ljava/lang/CharacterData; @ 4
Event: 8.578 Thread 0x00000000185e6000 Uncommon trap: reason=bimorphic action=maybe_recompile pc=0x0000000003ca9a74 method=java.util.Hashtable.addEntry(ILjava/lang/Object;Ljava/lang/Object;I)V @ 38

Internal exceptions (10 events):
Event: 2.382 Thread 0x00000000185e6000 Exception <a 'java/lang/NoClassDefFoundError': javax/validation/Validation> (0x00000000e1c52160) thrown at [C:\re\workspace\8-2-build-windows-amd64-cygwin\jdk8u45\3627\hotspot\src\share\vm\classfile\systemDictionary.cpp, line 199]
Event: 2.417 Thread 0x00000000185e6000 Implicit null exception at 0x0000000003434a1d to 0x00000000034353a5
Event: 2.417 Thread 0x00000000185e6000 Implicit null exception at 0x00000000034387dd to 0x0000000003439165
Event: 2.495 Thread 0x00000000185e6000 Implicit null exception at 0x00000000033136e9 to 0x0000000003313c7d
Event: 2.551 Thread 0x00000000185e6000 Implicit null exception at 0x0000000003310c7d to 0x0000000003311055
Event: 3.076 Thread 0x00000000185e6000 Implicit null exception at 0x0000000003184816 to 0x0000000003184b41
Event: 3.445 Thread 0x00000000185e6000 Exception <a 'sun/net/ConnectionResetException': > (0x00000000e2ce76a0) thrown at [C:\re\workspace\8-2-build-windows-amd64-cygwin\jdk8u45\3627\hotspot\src\share\vm\prims\jni.cpp, line 735]
Event: 3.445 Thread 0x00000000185e6000 Exception <a 'sun/net/ConnectionResetException': > (0x00000000e2ce7a08) thrown at [C:\re\workspace\8-2-build-windows-amd64-cygwin\jdk8u45\3627\hotspot\src\share\vm\prims\jni.cpp, line 735]
Event: 3.821 Thread 0x00000000185e6000 Implicit null exception at 0x0000000003141f16 to 0x0000000003142231
Event: 8.161 Thread 0x00000000185e6000 Implicit null exception at 0x0000000003c7a82f to 0x0000000003c7ad05

Events (10 events):
Event: 8.442 Thread 0x00000000185e6000 Uncommon trap: trap_request=0xffffff65 fr.pc=0x00000000030e8e80
Event: 8.442 Thread 0x00000000185e6000 DEOPT PACKING pc=0x00000000030e8e80 sp=0x000000001914cba0
Event: 8.442 Thread 0x00000000185e6000 DEOPT UNPACKING pc=0x0000000002f3582a sp=0x000000001914cb40 mode 2
Event: 8.442 loading class java/lang/CharacterData00
Event: 8.442 loading class java/lang/CharacterData00 done
Event: 8.442 Executing VM operation: Deoptimize
Event: 8.443 Executing VM operation: Deoptimize done
Event: 8.578 Thread 0x00000000185e6000 Uncommon trap: trap_request=0xffffffc6 fr.pc=0x0000000003ca9a74
Event: 8.578 Thread 0x00000000185e6000 DEOPT PACKING pc=0x0000000003ca9a74 sp=0x000000001914cd00
Event: 8.578 Thread 0x00000000185e6000 DEOPT UNPACKING pc=0x0000000002f3582a sp=0x000000001914cca0 mode 2


Dynamic libraries:
0x00007ff73db70000 - 0x00007ff73dba7000 	C:\Program Files\Java\jdk1.8.0_45\jre\bin\java.exe
0x00007ffaba400000 - 0x00007ffaba5d1000 	C:\WINDOWS\SYSTEM32\ntdll.dll
0x00007ffab9700000 - 0x00007ffab97ac000 	C:\WINDOWS\System32\KERNEL32.DLL
0x00007ffab7300000 - 0x00007ffab751d000 	C:\WINDOWS\System32\KERNELBASE.dll
0x00007ffab7e20000 - 0x00007ffab7ec2000 	C:\WINDOWS\System32\ADVAPI32.dll
0x00007ffab9570000 - 0x00007ffab960e000 	C:\WINDOWS\System32\msvcrt.dll
0x00007ffab9820000 - 0x00007ffab9879000 	C:\WINDOWS\System32\sechost.dll
0x00007ffab7cf0000 - 0x00007ffab7e11000 	C:\WINDOWS\System32\RPCRT4.dll
0x00007ffab9880000 - 0x00007ffab99e5000 	C:\WINDOWS\System32\USER32.dll
0x00007ffab6900000 - 0x00007ffab691e000 	C:\WINDOWS\System32\win32u.dll
0x00007ffab9630000 - 0x00007ffab9664000 	C:\WINDOWS\System32\GDI32.dll
0x00007ffab77b0000 - 0x00007ffab7930000 	C:\WINDOWS\System32\gdi32full.dll
0x00007ffaaecb0000 - 0x00007ffaaef2a000 	C:\WINDOWS\WinSxS\amd64_microsoft.windows.common-controls_6595b64144ccf1df_6.0.14393.953_none_42151e83c686086b\COMCTL32.dll
0x00007ffab99f0000 - 0x00007ffab9cb8000 	C:\WINDOWS\System32\combase.dll
0x00007ffab6920000 - 0x00007ffab6a15000 	C:\WINDOWS\System32\ucrtbase.dll
0x00007ffab7740000 - 0x00007ffab77aa000 	C:\WINDOWS\System32\bcryptPrimitives.dll
0x00007ffab9670000 - 0x00007ffab969e000 	C:\WINDOWS\System32\IMM32.DLL
0x000000006d6e0000 - 0x000000006d7b2000 	C:\Program Files\Java\jdk1.8.0_45\jre\bin\msvcr100.dll
0x000000006d7c0000 - 0x000000006e043000 	C:\Program Files\Java\jdk1.8.0_45\jre\bin\server\jvm.dll
0x00007ffab9560000 - 0x00007ffab9568000 	C:\WINDOWS\System32\PSAPI.DLL
0x00007ffaa8260000 - 0x00007ffaa8269000 	C:\WINDOWS\SYSTEM32\WSOCK32.dll
0x00007ffab5620000 - 0x00007ffab562a000 	C:\WINDOWS\SYSTEM32\VERSION.dll
0x00007ffab94e0000 - 0x00007ffab954a000 	C:\WINDOWS\System32\WS2_32.dll
0x00007ffaaf370000 - 0x00007ffaaf393000 	C:\WINDOWS\SYSTEM32\WINMM.dll
0x0000000001350000 - 0x000000000137b000 	C:\WINDOWS\SYSTEM32\WINMMBASE.dll
0x00007ffab76f0000 - 0x00007ffab7732000 	C:\WINDOWS\System32\cfgmgr32.dll
0x000000006d690000 - 0x000000006d69f000 	C:\Program Files\Java\jdk1.8.0_45\jre\bin\verify.dll
0x000000006d660000 - 0x000000006d689000 	C:\Program Files\Java\jdk1.8.0_45\jre\bin\java.dll
0x000000006d640000 - 0x000000006d656000 	C:\Program Files\Java\jdk1.8.0_45\jre\bin\zip.dll
0x00007ffab7ed0000 - 0x00007ffab93d8000 	C:\WINDOWS\System32\SHELL32.dll
0x00007ffab6c20000 - 0x00007ffab72fa000 	C:\WINDOWS\System32\windows.storage.dll
0x00007ffab6870000 - 0x00007ffab68bc000 	C:\WINDOWS\System32\powrprof.dll
0x00007ffab96a0000 - 0x00007ffab96f2000 	C:\WINDOWS\System32\shlwapi.dll
0x00007ffab68e0000 - 0x00007ffab68ef000 	C:\WINDOWS\System32\kernel.appcore.dll
0x00007ffab6b70000 - 0x00007ffab6c19000 	C:\WINDOWS\System32\shcore.dll
0x00007ffab68c0000 - 0x00007ffab68d4000 	C:\WINDOWS\System32\profapi.dll
0x000000006d350000 - 0x000000006d37c000 	C:\Program Files\Java\jdk1.8.0_45\jre\bin\prism_d3d.dll
0x00007ffa97f30000 - 0x00007ffa980bd000 	C:\WINDOWS\system32\d3d9.dll
0x00007ffab4650000 - 0x00007ffab4676000 	C:\WINDOWS\SYSTEM32\dwmapi.dll
0x00007ffab4fb0000 - 0x00007ffab5045000 	C:\WINDOWS\system32\uxtheme.dll
0x0000000180000000 - 0x0000000180806000 	C:\WINDOWS\SYSTEM32\igdumd64.dll
0x000000006d300000 - 0x000000006d341000 	C:\Program Files\Java\jdk1.8.0_45\jre\bin\glass.dll
0x00007ffab93e0000 - 0x00007ffab94da000 	C:\WINDOWS\System32\COMDLG32.dll
0x00007ffab7990000 - 0x00007ffab7ac8000 	C:\WINDOWS\System32\ole32.dll
0x00007ffab7c30000 - 0x00007ffab7cef000 	C:\WINDOWS\System32\OLEAUT32.dll
0x00007ffab6ad0000 - 0x00007ffab6b6c000 	C:\WINDOWS\System32\msvcp_win.dll
0x00007ffab7ad0000 - 0x00007ffab7c2a000 	C:\WINDOWS\System32\MSCTF.dll
0x000000006d2e0000 - 0x000000006d2f5000 	C:\Program Files\Java\jdk1.8.0_45\jre\bin\javafx_font.dll
0x00007ffab00d0000 - 0x00007ffab0339000 	C:\WINDOWS\SYSTEM32\dwrite.dll
0x000000006d2b0000 - 0x000000006d2d5000 	C:\Program Files\Java\jdk1.8.0_45\jre\bin\javafx_iio.dll
0x000000006d280000 - 0x000000006d2a4000 	C:\Program Files\Java\jdk1.8.0_45\jre\bin\sunec.dll
0x000000006d620000 - 0x000000006d63a000 	C:\Program Files\Java\jdk1.8.0_45\jre\bin\net.dll
0x000000001ea10000 - 0x000000001ea7d000 	C:\Windows\system32\LavasoftTcpService64.dll
0x00007ffab5f20000 - 0x00007ffab5f58000 	C:\WINDOWS\SYSTEM32\IPHLPAPI.DLL
0x00007ffab61a0000 - 0x00007ffab61fc000 	C:\WINDOWS\SYSTEM32\MSWSOCK.dll
0x00007ffab6570000 - 0x00007ffab659c000 	C:\WINDOWS\SYSTEM32\SspiCli.dll
0x00007ffa98f00000 - 0x00007ffa98f16000 	C:\WINDOWS\system32\napinsp.dll
0x00007ffaa5640000 - 0x00007ffaa565a000 	C:\WINDOWS\system32\pnrpnsp.dll
0x00007ffab2c00000 - 0x00007ffab2c18000 	C:\WINDOWS\system32\NLAapi.dll
0x00007ffab5f60000 - 0x00007ffab6001000 	C:\WINDOWS\SYSTEM32\DNSAPI.dll
0x00007ffab9550000 - 0x00007ffab9558000 	C:\WINDOWS\System32\NSI.dll
0x00007ffaafd70000 - 0x00007ffaafd7e000 	C:\WINDOWS\System32\winrnr.dll
0x00007ffaabf60000 - 0x00007ffaabf6a000 	C:\Windows\System32\rasadhlp.dll
0x00007ffab0d20000 - 0x00007ffab0d8a000 	C:\WINDOWS\System32\fwpuclnt.dll
0x00007ffab6450000 - 0x00007ffab647b000 	C:\WINDOWS\SYSTEM32\bcrypt.dll
0x00007ffab9d80000 - 0x00007ffab9e1f000 	C:\WINDOWS\System32\clbcatq.dll
0x00007ffab6740000 - 0x00007ffab67d8000 	C:\WINDOWS\SYSTEM32\sxs.dll
0x00007ffab41f0000 - 0x00007ffab4398000 	C:\WINDOWS\SYSTEM32\WindowsCodecs.dll
0x00007ffaab850000 - 0x00007ffaab899000 	C:\WINDOWS\system32\dataexchange.dll
0x00007ffab2940000 - 0x00007ffab2bf6000 	C:\WINDOWS\system32\d3d11.dll
0x00007ffab4920000 - 0x00007ffab4a71000 	C:\WINDOWS\system32\dcomp.dll
0x00007ffab57f0000 - 0x00007ffab588f000 	C:\WINDOWS\system32\dxgi.dll
0x00007ffab5370000 - 0x00007ffab548c000 	C:\WINDOWS\system32\twinapi.appcore.dll
0x00007ffaad5c0000 - 0x00007ffaad5f2000 	C:\Program Files\Common Files\Microsoft Shared\Ink\rtscom.dll

VM Arguments:
jvm_args: -Dfile.encoding=UTF-8 
java_command: C:\Users\Mr_JYPY\Documents\NetBeansProjects\fx_formuly\dist\run2124881954\fx_formuly.jar
java_class_path (initial): C:\Users\Mr_JYPY\Documents\NetBeansProjects\fx_formuly\dist\run2124881954\fx_formuly.jar
Launcher Type: SUN_STANDARD

Environment Variables:
JAVA_HOME=C:\Program Files\Java\jdk1.8.0_45
PATH=C:\Program Files\Microsoft HPC Pack 2012\Bin\;C:\Program Files\Microsoft HPC Pack 2008 R2\Bin\;C:\app\Mr_JYPY\product\11.2.0\dbhome_1\bin;C:\ProgramData\Oracle\Java\javapath;C:\WINDOWS\system32;C:\WINDOWS;C:\WINDOWS\System32\Wbem;C:\WINDOWS\System32\WindowsPowerShell\v1.0\;C:\wamp\bin\php\php5.5.12;C:\ProgramData\ComposerSetup\bin;C:\Program Files\MATLAB\R2012b\runtime\win64;C:\Program Files\MATLAB\R2012b\bin;C:\Program Files\Java\jdk1.8.0_45\bin;C:\Program Files\nodejs\;C:\Program Files\Microsoft SQL Server\110\Tools\Binn\;C:\Program Files\Git\cmd;C:\Program Files (x86)\pgmodeler;C:\wamp\bin\mysql\mysql5.6.12\bin;C:\cygwin64\bin
USERNAME=Mr_JYPY
OS=Windows_NT
PROCESSOR_IDENTIFIER=Intel64 Family 6 Model 37 Stepping 5, GenuineIntel



---------------  S Y S T E M  ---------------

OS: Windows 10.0 , 64 bit Build 14393 (10.0.14393.1198)

CPU:total 4 (2 cores per cpu, 2 threads per core) family 6 model 37 stepping 5, cmov, cx8, fxsr, mmx, sse, sse2, sse3, ssse3, sse4.1, sse4.2, popcnt, ht, tsc, tscinvbit

Memory: 4k page, physical 6077876k(985060k free), swap 10928260k(4200k free)

vm_info: Java HotSpot(TM) 64-Bit Server VM (25.45-b02) for windows-amd64 JRE (1.8.0_45-b15), built on Apr 30 2015 12:40:44 by "java_re" with MS VC++ 10.0 (VS2010)

time: Sun Sep 24 22:44:37 2017
elapsed time: 9 seconds (0d 0h 0m 9s)

