#
# There is insufficient memory for the Java Runtime Environment to continue.
# Native memory allocation (malloc) failed to allocate 1664896 bytes for Chunk::new
# Possible reasons:
#   The system is out of physical RAM or swap space
#   In 32 bit mode, the process size limit was hit
# Possible solutions:
#   Reduce memory load on the system
#   Increase physical memory or swap space
#   Check if swap backing store is full
#   Use 64 bit Java on a 64 bit OS
#   Decrease Java heap size (-Xmx/-Xms)
#   Decrease number of Java threads
#   Decrease Java thread stack sizes (-Xss)
#   Set larger code cache with -XX:ReservedCodeCacheSize=
# This output file may be truncated or incomplete.
#
#  Out of Memory Error (allocation.cpp:390), pid=8924, tid=13876
#
# JRE version: Java(TM) SE Runtime Environment (8.0_45-b15) (build 1.8.0_45-b15)
# Java VM: Java HotSpot(TM) 64-Bit Server VM (25.45-b02 mixed mode windows-amd64 compressed oops)
# Failed to write core dump. Minidumps are not enabled by default on client versions of Windows
#

---------------  T H R E A D  ---------------

Current thread (0x0000000016141000):  JavaThread "C2 CompilerThread0" daemon [_thread_in_native, id=13876, stack(0x00000000176c0000,0x00000000177c0000)]

Stack: [0x00000000176c0000,0x00000000177c0000]
Native frames: (J=compiled Java code, j=interpreted, Vv=VM code, C=native code)
V  [jvm.dll+0x32b57a]
V  [jvm.dll+0x279873]
V  [jvm.dll+0x27a509]
V  [jvm.dll+0x271825]
V  [jvm.dll+0xcb9e2]
V  [jvm.dll+0xcbeac]
V  [jvm.dll+0x476ef2]
V  [jvm.dll+0x4b955f]
V  [jvm.dll+0x46b6b5]
V  [jvm.dll+0x46ccbe]
V  [jvm.dll+0x4500f2]
V  [jvm.dll+0xa4352]
V  [jvm.dll+0xa4c8f]
V  [jvm.dll+0x241984]
V  [jvm.dll+0x29853a]
C  [msvcr100.dll+0x21d9f]
C  [msvcr100.dll+0x21e3b]
C  [KERNEL32.DLL+0x8364]
C  [ntdll.dll+0x670d1]


Current CompileTask:
C2:  15176 3318       4       com.sun.javafx.css.CompoundSelector::applies (144 bytes)


---------------  P R O C E S S  ---------------

Java Threads: ( => current thread )
  0x000000001804b800 JavaThread "Thread-3" daemon [_thread_blocked, id=12864, stack(0x000000001a9e0000,0x000000001aae0000)]
  0x0000000018035800 JavaThread "JavaFX-Launcher" [_thread_blocked, id=6796, stack(0x000000001aae0000,0x000000001abe0000)]
  0x0000000017fca800 JavaThread "JavaFX Application Thread" [_thread_blocked, id=11564, stack(0x0000000018b40000,0x0000000018c40000)]
  0x0000000017dbe000 JavaThread "Thread-1" daemon [_thread_blocked, id=12920, stack(0x0000000018a40000,0x0000000018b40000)]
  0x0000000017db4000 JavaThread "QuantumRenderer-0" daemon [_thread_blocked, id=12804, stack(0x00000000187c0000,0x00000000188c0000)]
  0x00000000179e0800 JavaThread "Service Thread" daemon [_thread_blocked, id=12156, stack(0x0000000017dc0000,0x0000000017ec0000)]
  0x000000001616d800 JavaThread "C1 CompilerThread2" daemon [_thread_blocked, id=8536, stack(0x00000000178c0000,0x00000000179c0000)]
  0x0000000016147000 JavaThread "C2 CompilerThread1" daemon [_thread_in_native, id=3012, stack(0x00000000177c0000,0x00000000178c0000)]
=>0x0000000016141000 JavaThread "C2 CompilerThread0" daemon [_thread_in_native, id=13876, stack(0x00000000176c0000,0x00000000177c0000)]
  0x000000001613f800 JavaThread "Attach Listener" daemon [_thread_blocked, id=232, stack(0x00000000175c0000,0x00000000176c0000)]
  0x000000001613c800 JavaThread "Signal Dispatcher" daemon [_thread_blocked, id=3648, stack(0x00000000174c0000,0x00000000175c0000)]
  0x00000000029a3000 JavaThread "Finalizer" daemon [_thread_blocked, id=7688, stack(0x00000000173c0000,0x00000000174c0000)]
  0x00000000029a0000 JavaThread "Reference Handler" daemon [_thread_blocked, id=1440, stack(0x00000000172c0000,0x00000000173c0000)]
  0x00000000028b2800 JavaThread "main" [_thread_blocked, id=13388, stack(0x00000000027b0000,0x00000000028b0000)]

Other Threads:
  0x0000000016107800 VMThread [stack: 0x00000000171c0000,0x00000000172c0000] [id=4432]
  0x00000000179e1000 WatcherThread [stack: 0x0000000017ec0000,0x0000000017fc0000] [id=12204]

VM state:at safepoint (normal execution)

VM Mutex/Monitor currently owned by a thread:  ([mutex/lock_event])
[0x0000000000e1cf90] Threads_lock - owner thread: 0x0000000016107800
[0x0000000000e1d890] Heap_lock - owner thread: 0x0000000017fca800

Heap:
 PSYoungGen      total 52736K, used 52652K [0x00000000e1180000, 0x00000000e5780000, 0x0000000100000000)
  eden space 41472K, 100% used [0x00000000e1180000,0x00000000e3a00000,0x00000000e3a00000)
  from space 11264K, 99% used [0x00000000e4700000,0x00000000e51eb2b0,0x00000000e5200000)
  to   space 13312K, 45% used [0x00000000e3a00000,0x00000000e3feb9a8,0x00000000e4700000)
 ParOldGen       total 54784K, used 19442K [0x00000000a3400000, 0x00000000a6980000, 0x00000000e1180000)
  object space 54784K, 35% used [0x00000000a3400000,0x00000000a46fc9d8,0x00000000a6980000)
 Metaspace       used 30268K, capacity 30970K, committed 31104K, reserved 1077248K
  class space    used 3974K, capacity 4168K, committed 4224K, reserved 1048576K

Card table byte_map: [0x0000000011d70000,0x0000000012060000] byte_map_base: 0x0000000011856000

Marking Bits: (ParMarkBitMap*) 0x000000006dfc4040
 Begin Bits: [0x0000000012650000, 0x0000000013d80000)
 End Bits:   [0x0000000013d80000, 0x00000000154b0000)

Polling page: 0x0000000000e20000

CodeCache: size=245760Kb used=10039Kb max_used=10251Kb free=235720Kb
 bounds [0x00000000029b0000, 0x00000000033c0000, 0x00000000119b0000]
 total_blobs=3676 nmethods=3112 adapters=472
 compilation: enabled

Compilation events (10 events):
Event: 15.132 Thread 0x000000001616d800 nmethod 3389 0x00000000033b8250 code [0x00000000033b83c0, 0x00000000033b8568]
Event: 15.132 Thread 0x000000001616d800 3390       3       org.eclipse.persistence.internal.sessions.IdentityMapAccessor::getCacheKeyForObjectForLock (11 bytes)
Event: 15.133 Thread 0x000000001616d800 nmethod 3390 0x00000000033b8610 code [0x00000000033b8780, 0x00000000033b89d8]
Event: 15.133 Thread 0x000000001616d800 3391   !   3       org.eclipse.persistence.internal.identitymaps.IdentityMapManager::getCacheKeyForObjectForLock (104 bytes)
Event: 15.135 Thread 0x000000001616d800 nmethod 3391 0x00000000033b8ad0 code [0x00000000033b8d80, 0x00000000033ba388]
Event: 15.136 Thread 0x000000001616d800 3393       3       org.eclipse.persistence.descriptors.invalidation.NoExpiryCacheInvalidationPolicy::isInvalidated (12 bytes)
Event: 15.136 Thread 0x000000001616d800 nmethod 3393 0x00000000033bac50 code [0x00000000033bada0, 0x00000000033baff0]
Event: 15.138 Thread 0x000000001616d800 3394       3       java.util.IdentityHashMap::init (11 bytes)
Event: 15.138 Thread 0x000000001616d800 nmethod 3394 0x00000000033bb090 code [0x00000000033bb1e0, 0x00000000033bb3d0]
Event: 15.139 Thread 0x000000001616d800 3395       3       java.util.IdentityHashMap::<init> (11 bytes)

GC Heap History (10 events):
Event: 5.146 GC heap before
{Heap before GC invocations=3 (full 0):
 PSYoungGen      total 28160K, used 22480K [0x00000000e1180000, 0x00000000e3080000, 0x0000000100000000)
  eden space 24576K, 77% used [0x00000000e1180000,0x00000000e23fbc70,0x00000000e2980000)
  from space 3584K, 99% used [0x00000000e2d00000,0x00000000e3078728,0x00000000e3080000)
  to   space 3584K, 0% used [0x00000000e2980000,0x00000000e2980000,0x00000000e2d00000)
 ParOldGen       total 64512K, used 2404K [0x00000000a3400000, 0x00000000a7300000, 0x00000000e1180000)
  object space 64512K, 3% used [0x00000000a3400000,0x00000000a3659100,0x00000000a7300000)
 Metaspace       used 20543K, capacity 21170K, committed 21296K, reserved 1067008K
  class space    used 2717K, capacity 2890K, committed 2944K, reserved 1048576K
Event: 5.155 GC heap after
Heap after GC invocations=3 (full 0):
 PSYoungGen      total 28160K, used 3553K [0x00000000e1180000, 0x00000000e3080000, 0x0000000100000000)
  eden space 24576K, 0% used [0x00000000e1180000,0x00000000e1180000,0x00000000e2980000)
  from space 3584K, 99% used [0x00000000e2980000,0x00000000e2cf8670,0x00000000e2d00000)
  to   space 3584K, 0% used [0x00000000e2d00000,0x00000000e2d00000,0x00000000e3080000)
 ParOldGen       total 64512K, used 7126K [0x00000000a3400000, 0x00000000a7300000, 0x00000000e1180000)
  object space 64512K, 11% used [0x00000000a3400000,0x00000000a3af5bf8,0x00000000a7300000)
 Metaspace       used 20543K, capacity 21170K, committed 21296K, reserved 1067008K
  class space    used 2717K, capacity 2890K, committed 2944K, reserved 1048576K
}
Event: 5.156 GC heap before
{Heap before GC invocations=4 (full 1):
 PSYoungGen      total 28160K, used 3553K [0x00000000e1180000, 0x00000000e3080000, 0x0000000100000000)
  eden space 24576K, 0% used [0x00000000e1180000,0x00000000e1180000,0x00000000e2980000)
  from space 3584K, 99% used [0x00000000e2980000,0x00000000e2cf8670,0x00000000e2d00000)
  to   space 3584K, 0% used [0x00000000e2d00000,0x00000000e2d00000,0x00000000e3080000)
 ParOldGen       total 64512K, used 7126K [0x00000000a3400000, 0x00000000a7300000, 0x00000000e1180000)
  object space 64512K, 11% used [0x00000000a3400000,0x00000000a3af5bf8,0x00000000a7300000)
 Metaspace       used 20543K, capacity 21170K, committed 21296K, reserved 1067008K
  class space    used 2717K, capacity 2890K, committed 2944K, reserved 1048576K
Event: 5.202 GC heap after
Heap after GC invocations=4 (full 1):
 PSYoungGen      total 28160K, used 0K [0x00000000e1180000, 0x00000000e3080000, 0x0000000100000000)
  eden space 24576K, 0% used [0x00000000e1180000,0x00000000e1180000,0x00000000e2980000)
  from space 3584K, 0% used [0x00000000e2980000,0x00000000e2980000,0x00000000e2d00000)
  to   space 3584K, 0% used [0x00000000e2d00000,0x00000000e2d00000,0x00000000e3080000)
 ParOldGen       total 54784K, used 10226K [0x00000000a3400000, 0x00000000a6980000, 0x00000000e1180000)
  object space 54784K, 18% used [0x00000000a3400000,0x00000000a3dfc9c0,0x00000000a6980000)
 Metaspace       used 20543K, capacity 21170K, committed 21296K, reserved 1067008K
  class space    used 2717K, capacity 2890K, committed 2944K, reserved 1048576K
}
Event: 9.864 GC heap before
{Heap before GC invocations=5 (full 1):
 PSYoungGen      total 28160K, used 24576K [0x00000000e1180000, 0x00000000e3080000, 0x0000000100000000)
  eden space 24576K, 100% used [0x00000000e1180000,0x00000000e2980000,0x00000000e2980000)
  from space 3584K, 0% used [0x00000000e2980000,0x00000000e2980000,0x00000000e2d00000)
  to   space 3584K, 0% used [0x00000000e2d00000,0x00000000e2d00000,0x00000000e3080000)
 ParOldGen       total 54784K, used 10226K [0x00000000a3400000, 0x00000000a6980000, 0x00000000e1180000)
  object space 54784K, 18% used [0x00000000a3400000,0x00000000a3dfc9c0,0x00000000a6980000)
 Metaspace       used 24614K, capacity 25272K, committed 25600K, reserved 1071104K
  class space    used 3355K, capacity 3531K, committed 3584K, reserved 1048576K
Event: 9.873 GC heap after
Heap after GC invocations=5 (full 1):
 PSYoungGen      total 28160K, used 3555K [0x00000000e1180000, 0x00000000e3a80000, 0x0000000100000000)
  eden space 24576K, 0% used [0x00000000e1180000,0x00000000e1180000,0x00000000e2980000)
  from space 3584K, 99% used [0x00000000e2d00000,0x00000000e3078d48,0x00000000e3080000)
  to   space 3584K, 0% used [0x00000000e2980000,0x00000000e2980000,0x00000000e2d00000)
 ParOldGen       total 54784K, used 13162K [0x00000000a3400000, 0x00000000a6980000, 0x00000000e1180000)
  object space 54784K, 24% used [0x00000000a3400000,0x00000000a40da950,0x00000000a6980000)
 Metaspace       used 24614K, capacity 25272K, committed 25600K, reserved 1071104K
  class space    used 3355K, capacity 3531K, committed 3584K, reserved 1048576K
}
Event: 10.000 GC heap before
{Heap before GC invocations=6 (full 1):
 PSYoungGen      total 28160K, used 28131K [0x00000000e1180000, 0x00000000e3a80000, 0x0000000100000000)
  eden space 24576K, 100% used [0x00000000e1180000,0x00000000e2980000,0x00000000e2980000)
  from space 3584K, 99% used [0x00000000e2d00000,0x00000000e3078d48,0x00000000e3080000)
  to   space 3584K, 0% used [0x00000000e2980000,0x00000000e2980000,0x00000000e2d00000)
 ParOldGen       total 54784K, used 13162K [0x00000000a3400000, 0x00000000a6980000, 0x00000000e1180000)
  object space 54784K, 24% used [0x00000000a3400000,0x00000000a40da950,0x00000000a6980000)
 Metaspace       used 24614K, capacity 25272K, committed 25600K, reserved 1071104K
  class space    used 3355K, capacity 3531K, committed 3584K, reserved 1048576K
Event: 10.014 GC heap after
Heap after GC invocations=6 (full 1):
 PSYoungGen      total 28160K, used 3580K [0x00000000e1180000, 0x00000000e5200000, 0x0000000100000000)
  eden space 24576K, 0% used [0x00000000e1180000,0x00000000e1180000,0x00000000e2980000)
  from space 3584K, 99% used [0x00000000e2980000,0x00000000e2cff0b0,0x00000000e2d00000)
  to   space 11264K, 0% used [0x00000000e4700000,0x00000000e4700000,0x00000000e5200000)
 ParOldGen       total 54784K, used 19434K [0x00000000a3400000, 0x00000000a6980000, 0x00000000e1180000)
  object space 54784K, 35% used [0x00000000a3400000,0x00000000a46fa9d8,0x00000000a6980000)
 Metaspace       used 24614K, capacity 25272K, committed 25600K, reserved 1071104K
  class space    used 3355K, capacity 3531K, committed 3584K, reserved 1048576K
}
Event: 10.167 GC heap before
{Heap before GC invocations=7 (full 1):
 PSYoungGen      total 28160K, used 28156K [0x00000000e1180000, 0x00000000e5200000, 0x0000000100000000)
  eden space 24576K, 100% used [0x00000000e1180000,0x00000000e2980000,0x00000000e2980000)
  from space 3584K, 99% used [0x00000000e2980000,0x00000000e2cff0b0,0x00000000e2d00000)
  to   space 11264K, 0% used [0x00000000e4700000,0x00000000e4700000,0x00000000e5200000)
 ParOldGen       total 54784K, used 19434K [0x00000000a3400000, 0x00000000a6980000, 0x00000000e1180000)
  object space 54784K, 35% used [0x00000000a3400000,0x00000000a46fa9d8,0x00000000a6980000)
 Metaspace       used 24615K, capacity 25272K, committed 25600K, reserved 1071104K
  class space    used 3355K, capacity 3531K, committed 3584K, reserved 1048576K
Event: 10.182 GC heap after
Heap after GC invocations=7 (full 1):
 PSYoungGen      total 52736K, used 11180K [0x00000000e1180000, 0x00000000e5780000, 0x0000000100000000)
  eden space 41472K, 0% used [0x00000000e1180000,0x00000000e1180000,0x00000000e3a00000)
  from space 11264K, 99% used [0x00000000e4700000,0x00000000e51eb2b0,0x00000000e5200000)
  to   space 13312K, 0% used [0x00000000e3a00000,0x00000000e3a00000,0x00000000e4700000)
 ParOldGen       total 54784K, used 19434K [0x00000000a3400000, 0x00000000a6980000, 0x00000000e1180000)
  object space 54784K, 35% used [0x00000000a3400000,0x00000000a46fa9d8,0x00000000a6980000)
 Metaspace       used 24615K, capacity 25272K, committed 25600K, reserved 1071104K
  class space    used 3355K, capacity 3531K, committed 3584K, reserved 1048576K
}

Deoptimization events (10 events):
Event: 10.220 Thread 0x0000000017fca800 Uncommon trap: reason=null_check action=make_not_entrant pc=0x0000000002ff0cb4 method=java.util.zip.ZipFile$ZipFileInflaterInputStream.close()V @ 40
Event: 10.240 Thread 0x0000000017fca800 Uncommon trap: reason=unstable_if action=reinterpret pc=0x0000000002f31594 method=java.lang.CharacterDataLatin1.digit(II)I @ 82
Event: 10.240 Thread 0x0000000017fca800 Uncommon trap: reason=unstable_if action=reinterpret pc=0x0000000002f33f94 method=java.lang.CharacterDataLatin1.digit(II)I @ 82
Event: 10.381 Thread 0x0000000017fca800 Uncommon trap: reason=unstable_if action=reinterpret pc=0x0000000002cb3854 method=sun.util.calendar.BaseCalendar$Date.hit(J)Z @ 15
Event: 10.550 Thread 0x0000000017fca800 Uncommon trap: reason=unstable_if action=reinterpret pc=0x0000000002c4a558 method=java.lang.AbstractStringBuilder.append(Ljava/lang/String;)Ljava/lang/AbstractStringBuilder; @ 1
Event: 10.781 Thread 0x0000000017fca800 Uncommon trap: reason=predicate action=maybe_recompile pc=0x0000000002ddb7a4 method=sun.net.www.ParseUtil.encodePath(Ljava/lang/String;Z)Ljava/lang/String; @ 36
Event: 12.913 Thread 0x0000000017fca800 Uncommon trap: reason=unstable_if action=reinterpret pc=0x0000000002be7648 method=sun.nio.cs.UTF_8$Decoder.decode([BII[C)I @ 30
Event: 12.943 Thread 0x0000000017fca800 Uncommon trap: reason=unstable_if action=reinterpret pc=0x0000000002c05d88 method=java.lang.AbstractStringBuilder.append(Ljava/lang/String;)Ljava/lang/AbstractStringBuilder; @ 1
Event: 15.076 Thread 0x0000000017fca800 Uncommon trap: reason=class_check action=maybe_recompile pc=0x0000000002d91764 method=org.eclipse.persistence.internal.jpa.QueryImpl.getDatabaseQueryInternal()Lorg/eclipse/persistence/queries/DatabaseQuery; @ 26
Event: 15.077 Thread 0x0000000017fca800 Uncommon trap: reason=unstable_if action=reinterpret pc=0x0000000003284bac method=org.postgresql.core.v3.QueryExecutorImpl.parseQuery(Ljava/lang/String;Z)Lorg/postgresql/core/Query; @ 395

Internal exceptions (10 events):
Event: 3.116 Thread 0x0000000017fca800 Implicit null exception at 0x0000000002cfe535 to 0x0000000002cfe74d
Event: 3.116 Thread 0x0000000017fca800 Implicit null exception at 0x0000000002ddc7d8 to 0x0000000002ddc866
Event: 5.253 Thread 0x0000000017fca800 Exception <a 'java/lang/ArrayIndexOutOfBoundsException': 26721> (0x00000000e13506c0) thrown at [C:\re\workspace\8-2-build-windows-amd64-cygwin\jdk8u45\3627\hotspot\src\share\vm\interpreter\interpreterRuntime.cpp, line 366]
Event: 5.474 Thread 0x0000000017fca800 Exception <a 'java/lang/NoClassDefFoundError': javax/validation/Validation> (0x00000000e1c57340) thrown at [C:\re\workspace\8-2-build-windows-amd64-cygwin\jdk8u45\3627\hotspot\src\share\vm\classfile\systemDictionary.cpp, line 199]
Event: 6.519 Thread 0x0000000017fca800 Implicit null exception at 0x0000000002ea4f9d to 0x0000000002ea58c1
Event: 6.519 Thread 0x0000000017fca800 Implicit null exception at 0x0000000002ea6d1d to 0x0000000002ea7641
Event: 7.713 Thread 0x0000000017fca800 Implicit null exception at 0x0000000002e91541 to 0x0000000002e91e39
Event: 8.377 Thread 0x0000000017fca800 Implicit null exception at 0x0000000002dce3fd to 0x0000000002dce7d5
Event: 10.550 Thread 0x0000000017fca800 Implicit null exception at 0x0000000002c4a216 to 0x0000000002c4a541
Event: 12.943 Thread 0x0000000017fca800 Implicit null exception at 0x0000000002c05a56 to 0x0000000002c05d71

Events (10 events):
Event: 15.071 loading class formuly/controler/frontend/MainPrincipalController$1
Event: 15.071 loading class formuly/controler/frontend/MainPrincipalController$1 done
Event: 15.072 loading class formuly/controler/frontend/MainPrincipalController$2
Event: 15.072 loading class formuly/controler/frontend/MainPrincipalController$2 done
Event: 15.076 Thread 0x0000000017fca800 Uncommon trap: trap_request=0xffffffde fr.pc=0x0000000002d91764
Event: 15.076 Thread 0x0000000017fca800 DEOPT PACKING pc=0x0000000002d91764 sp=0x0000000018c3d4b0
Event: 15.076 Thread 0x0000000017fca800 DEOPT UNPACKING pc=0x00000000029f582a sp=0x0000000018c3d450 mode 2
Event: 15.077 Thread 0x0000000017fca800 Uncommon trap: trap_request=0xffffff65 fr.pc=0x0000000003284bac
Event: 15.077 Thread 0x0000000017fca800 DEOPT PACKING pc=0x0000000003284bac sp=0x0000000018c3c070
Event: 15.077 Thread 0x0000000017fca800 DEOPT UNPACKING pc=0x00000000029f582a sp=0x0000000018c3c040 mode 2


Dynamic libraries:
0x00007ff73db70000 - 0x00007ff73dba7000 	C:\Program Files\Java\jdk1.8.0_45\jre\bin\java.exe
0x00007ffaba400000 - 0x00007ffaba5d1000 	C:\WINDOWS\SYSTEM32\ntdll.dll
0x00007ffab9700000 - 0x00007ffab97ac000 	C:\WINDOWS\System32\KERNEL32.DLL
0x00007ffab7300000 - 0x00007ffab751d000 	C:\WINDOWS\System32\KERNELBASE.dll
0x00007ffab7e20000 - 0x00007ffab7ec2000 	C:\WINDOWS\System32\ADVAPI32.dll
0x00007ffab9570000 - 0x00007ffab960e000 	C:\WINDOWS\System32\msvcrt.dll
0x00007ffab9820000 - 0x00007ffab9879000 	C:\WINDOWS\System32\sechost.dll
0x00007ffab7cf0000 - 0x00007ffab7e11000 	C:\WINDOWS\System32\RPCRT4.dll
0x00007ffab9880000 - 0x00007ffab99e5000 	C:\WINDOWS\System32\USER32.dll
0x00007ffab6900000 - 0x00007ffab691e000 	C:\WINDOWS\System32\win32u.dll
0x00007ffab9630000 - 0x00007ffab9664000 	C:\WINDOWS\System32\GDI32.dll
0x00007ffab77b0000 - 0x00007ffab7930000 	C:\WINDOWS\System32\gdi32full.dll
0x00007ffaaecb0000 - 0x00007ffaaef2a000 	C:\WINDOWS\WinSxS\amd64_microsoft.windows.common-controls_6595b64144ccf1df_6.0.14393.953_none_42151e83c686086b\COMCTL32.dll
0x00007ffab99f0000 - 0x00007ffab9cb8000 	C:\WINDOWS\System32\combase.dll
0x00007ffab6920000 - 0x00007ffab6a15000 	C:\WINDOWS\System32\ucrtbase.dll
0x00007ffab7740000 - 0x00007ffab77aa000 	C:\WINDOWS\System32\bcryptPrimitives.dll
0x00007ffab9670000 - 0x00007ffab969e000 	C:\WINDOWS\System32\IMM32.DLL
0x000000006d6e0000 - 0x000000006d7b2000 	C:\Program Files\Java\jdk1.8.0_45\jre\bin\msvcr100.dll
0x000000006d7c0000 - 0x000000006e043000 	C:\Program Files\Java\jdk1.8.0_45\jre\bin\server\jvm.dll
0x00007ffab9560000 - 0x00007ffab9568000 	C:\WINDOWS\System32\PSAPI.DLL
0x00007ffaa8260000 - 0x00007ffaa8269000 	C:\WINDOWS\SYSTEM32\WSOCK32.dll
0x00007ffaaf370000 - 0x00007ffaaf393000 	C:\WINDOWS\SYSTEM32\WINMM.dll
0x00007ffab94e0000 - 0x00007ffab954a000 	C:\WINDOWS\System32\WS2_32.dll
0x00007ffab5620000 - 0x00007ffab562a000 	C:\WINDOWS\SYSTEM32\VERSION.dll
0x00007ffaae550000 - 0x00007ffaae57b000 	C:\WINDOWS\SYSTEM32\WINMMBASE.dll
0x00007ffab76f0000 - 0x00007ffab7732000 	C:\WINDOWS\System32\cfgmgr32.dll
0x000000006d690000 - 0x000000006d69f000 	C:\Program Files\Java\jdk1.8.0_45\jre\bin\verify.dll
0x000000006d660000 - 0x000000006d689000 	C:\Program Files\Java\jdk1.8.0_45\jre\bin\java.dll
0x000000006d640000 - 0x000000006d656000 	C:\Program Files\Java\jdk1.8.0_45\jre\bin\zip.dll
0x00007ffab7ed0000 - 0x00007ffab93d8000 	C:\WINDOWS\System32\SHELL32.dll
0x00007ffab6c20000 - 0x00007ffab72fa000 	C:\WINDOWS\System32\windows.storage.dll
0x00007ffab6870000 - 0x00007ffab68bc000 	C:\WINDOWS\System32\powrprof.dll
0x00007ffab96a0000 - 0x00007ffab96f2000 	C:\WINDOWS\System32\shlwapi.dll
0x00007ffab68e0000 - 0x00007ffab68ef000 	C:\WINDOWS\System32\kernel.appcore.dll
0x00007ffab6b70000 - 0x00007ffab6c19000 	C:\WINDOWS\System32\shcore.dll
0x00007ffab68c0000 - 0x00007ffab68d4000 	C:\WINDOWS\System32\profapi.dll
0x000000006d350000 - 0x000000006d37c000 	C:\Program Files\Java\jdk1.8.0_45\jre\bin\prism_d3d.dll
0x00007ffa97f30000 - 0x00007ffa980bd000 	C:\WINDOWS\system32\d3d9.dll
0x00007ffab4650000 - 0x00007ffab4676000 	C:\WINDOWS\SYSTEM32\dwmapi.dll
0x00007ffab4fb0000 - 0x00007ffab5045000 	C:\WINDOWS\system32\uxtheme.dll
0x0000000180000000 - 0x0000000180806000 	C:\WINDOWS\SYSTEM32\igdumd64.dll
0x000000006d300000 - 0x000000006d341000 	C:\Program Files\Java\jdk1.8.0_45\jre\bin\glass.dll
0x00007ffab93e0000 - 0x00007ffab94da000 	C:\WINDOWS\System32\COMDLG32.dll
0x00007ffab7990000 - 0x00007ffab7ac8000 	C:\WINDOWS\System32\ole32.dll
0x00007ffab7c30000 - 0x00007ffab7cef000 	C:\WINDOWS\System32\OLEAUT32.dll
0x00007ffab6ad0000 - 0x00007ffab6b6c000 	C:\WINDOWS\System32\msvcp_win.dll
0x00007ffab7ad0000 - 0x00007ffab7c2a000 	C:\WINDOWS\System32\MSCTF.dll
0x000000006d2e0000 - 0x000000006d2f5000 	C:\Program Files\Java\jdk1.8.0_45\jre\bin\javafx_font.dll
0x00007ffab00d0000 - 0x00007ffab0339000 	C:\WINDOWS\SYSTEM32\dwrite.dll
0x000000006d2b0000 - 0x000000006d2d5000 	C:\Program Files\Java\jdk1.8.0_45\jre\bin\javafx_iio.dll
0x000000006d280000 - 0x000000006d2a4000 	C:\Program Files\Java\jdk1.8.0_45\jre\bin\sunec.dll
0x000000006d620000 - 0x000000006d63a000 	C:\Program Files\Java\jdk1.8.0_45\jre\bin\net.dll
0x000000001e5c0000 - 0x000000001e62d000 	C:\Windows\system32\LavasoftTcpService64.dll
0x00007ffab5f20000 - 0x00007ffab5f58000 	C:\WINDOWS\SYSTEM32\IPHLPAPI.DLL
0x00007ffab61a0000 - 0x00007ffab61fc000 	C:\WINDOWS\SYSTEM32\MSWSOCK.dll
0x00007ffab6570000 - 0x00007ffab659c000 	C:\WINDOWS\SYSTEM32\SspiCli.dll
0x00007ffa98f00000 - 0x00007ffa98f16000 	C:\WINDOWS\system32\napinsp.dll
0x00007ffaa5640000 - 0x00007ffaa565a000 	C:\WINDOWS\system32\pnrpnsp.dll
0x00007ffab2c00000 - 0x00007ffab2c18000 	C:\WINDOWS\system32\NLAapi.dll
0x00007ffab5f60000 - 0x00007ffab6001000 	C:\WINDOWS\SYSTEM32\DNSAPI.dll
0x00007ffab9550000 - 0x00007ffab9558000 	C:\WINDOWS\System32\NSI.dll
0x00007ffaafd70000 - 0x00007ffaafd7e000 	C:\WINDOWS\System32\winrnr.dll
0x00007ffaabf60000 - 0x00007ffaabf6a000 	C:\Windows\System32\rasadhlp.dll
0x00007ffab0d20000 - 0x00007ffab0d8a000 	C:\WINDOWS\System32\fwpuclnt.dll
0x00007ffab6450000 - 0x00007ffab647b000 	C:\WINDOWS\SYSTEM32\bcrypt.dll
0x00007ffab9d80000 - 0x00007ffab9e1f000 	C:\WINDOWS\System32\clbcatq.dll
0x00007ffab6740000 - 0x00007ffab67d8000 	C:\WINDOWS\SYSTEM32\sxs.dll
0x00007ffaa8840000 - 0x00007ffaa89d2000 	C:\WINDOWS\SYSTEM32\dbghelp.dll

VM Arguments:
jvm_args: -Dfile.encoding=UTF-8 
java_command: C:\Users\Mr_JYPY\Documents\NetBeansProjects\fx_formuly\dist\run1871850549\fx_formuly.jar
java_class_path (initial): C:\Users\Mr_JYPY\Documents\NetBeansProjects\fx_formuly\dist\run1871850549\fx_formuly.jar
Launcher Type: SUN_STANDARD

Environment Variables:
JAVA_HOME=C:\Program Files\Java\jdk1.8.0_45
PATH=C:\Program Files\Microsoft HPC Pack 2012\Bin\;C:\Program Files\Microsoft HPC Pack 2008 R2\Bin\;C:\app\Mr_JYPY\product\11.2.0\dbhome_1\bin;C:\ProgramData\Oracle\Java\javapath;C:\WINDOWS\system32;C:\WINDOWS;C:\WINDOWS\System32\Wbem;C:\WINDOWS\System32\WindowsPowerShell\v1.0\;C:\wamp\bin\php\php5.5.12;C:\ProgramData\ComposerSetup\bin;C:\Program Files\MATLAB\R2012b\runtime\win64;C:\Program Files\MATLAB\R2012b\bin;C:\Program Files\Java\jdk1.8.0_45\bin;C:\Program Files\nodejs\;C:\Program Files\Microsoft SQL Server\110\Tools\Binn\;C:\Program Files\Git\cmd;C:\Program Files (x86)\pgmodeler;C:\wamp\bin\mysql\mysql5.6.12\bin;C:\cygwin64\bin
USERNAME=Mr_JYPY
OS=Windows_NT
PROCESSOR_IDENTIFIER=Intel64 Family 6 Model 37 Stepping 5, GenuineIntel



---------------  S Y S T E M  ---------------

OS: Windows 10.0 , 64 bit Build 14393 (10.0.14393.1198)

CPU:total 4 (2 cores per cpu, 2 threads per core) family 6 model 37 stepping 5, cmov, cx8, fxsr, mmx, sse, sse2, sse3, ssse3, sse4.1, sse4.2, popcnt, ht, tsc, tscinvbit

Memory: 4k page, physical 6077876k(964656k free), swap 10924732k(5140k free)

vm_info: Java HotSpot(TM) 64-Bit Server VM (25.45-b02) for windows-amd64 JRE (1.8.0_45-b15), built on Apr 30 2015 12:40:44 by "java_re" with MS VC++ 10.0 (VS2010)

time: Sun Sep 24 22:28:02 2017
elapsed time: 15 seconds (0d 0h 0m 15s)

